{"D:\\Gloversure\\React\\react-native-tutorial-apps\\tracks\\App.js": {"path":"D:\\Gloversure\\React\\react-native-tutorial-apps\\tracks\\App.js","statementMap":{"0":{"start":{"line":18,"column":4},"end":{"line":35,"column":6}}},"fnMap":{"0":{"name":"App","decl":{"start":{"line":17,"column":24},"end":{"line":17,"column":27}},"loc":{"start":{"line":17,"column":30},"end":{"line":36,"column":1}},"line":17}},"branchMap":{},"s":{"0":0},"f":{"0":0},"b":{}}
,"D:\\Gloversure\\React\\react-native-tutorial-apps\\tracks\\ReactotronConfig.js": {"path":"D:\\Gloversure\\React\\react-native-tutorial-apps\\tracks\\ReactotronConfig.js","statementMap":{"0":{"start":{"line":3,"column":0},"end":{"line":6,"column":15}}},"fnMap":{},"branchMap":{},"s":{"0":0},"f":{},"b":{}}
,"D:\\Gloversure\\React\\react-native-tutorial-apps\\tracks\\customStyles.tsx": {"path":"D:\\Gloversure\\React\\react-native-tutorial-apps\\tracks\\customStyles.tsx","statementMap":{"0":{"start":{"line":1,"column":15},"end":{"line":3,"column":1}}},"fnMap":{},"branchMap":{},"s":{"0":1},"f":{},"b":{},"_coverageSchema":"1a1c01bbd47fc00a2c39e90264f33305004495a9","hash":"4574ca023909898dd4d61fb5ea342a82db3caf43"}
,"D:\\Gloversure\\React\\react-native-tutorial-apps\\tracks\\env.d.tsx": {"path":"D:\\Gloversure\\React\\react-native-tutorial-apps\\tracks\\env.d.tsx","statementMap":{},"fnMap":{},"branchMap":{},"s":{},"f":{},"b":{}}
,"D:\\Gloversure\\React\\react-native-tutorial-apps\\tracks\\eslint.config.js": {"path":"D:\\Gloversure\\React\\react-native-tutorial-apps\\tracks\\eslint.config.js","statementMap":{},"fnMap":{},"branchMap":{},"s":{},"f":{},"b":{}}
,"D:\\Gloversure\\React\\react-native-tutorial-apps\\tracks\\tailwind.config.js": {"path":"D:\\Gloversure\\React\\react-native-tutorial-apps\\tracks\\tailwind.config.js","statementMap":{"0":{"start":{"line":2,"column":0},"end":{"line":12,"column":2}}},"fnMap":{},"branchMap":{},"s":{"0":0},"f":{},"b":{}}
,"D:\\Gloversure\\React\\react-native-tutorial-apps\\tracks\\src\\_mockLocation.js": {"path":"D:\\Gloversure\\React\\react-native-tutorial-apps\\tracks\\src\\_mockLocation.js","statementMap":{"0":{"start":{"line":3,"column":29},"end":{"line":3,"column":35}},"1":{"start":{"line":5,"column":20},"end":{"line":18,"column":1}},"2":{"start":{"line":6,"column":4},"end":{"line":17,"column":6}},"3":{"start":{"line":20,"column":14},"end":{"line":20,"column":15}},"4":{"start":{"line":21,"column":0},"end":{"line":27,"column":9}},"5":{"start":{"line":22,"column":4},"end":{"line":25,"column":7}},"6":{"start":{"line":26,"column":4},"end":{"line":26,"column":14}}},"fnMap":{"0":{"name":"(anonymous_0)","decl":{"start":{"line":5,"column":20},"end":{"line":5,"column":21}},"loc":{"start":{"line":5,"column":35},"end":{"line":18,"column":1}},"line":5},"1":{"name":"(anonymous_1)","decl":{"start":{"line":21,"column":12},"end":{"line":21,"column":13}},"loc":{"start":{"line":21,"column":18},"end":{"line":27,"column":1}},"line":21}},"branchMap":{},"s":{"0":0,"1":0,"2":0,"3":0,"4":0,"5":0,"6":0},"f":{"0":0,"1":0},"b":{}}
,"D:\\Gloversure\\React\\react-native-tutorial-apps\\tracks\\src\\app.d.ts": {"path":"D:\\Gloversure\\React\\react-native-tutorial-apps\\tracks\\src\\app.d.ts","statementMap":{},"fnMap":{},"branchMap":{},"s":{},"f":{},"b":{}}
,"D:\\Gloversure\\React\\react-native-tutorial-apps\\tracks\\src\\navigationRef.js": {"path":"D:\\Gloversure\\React\\react-native-tutorial-apps\\tracks\\src\\navigationRef.js","statementMap":{"0":{"start":{"line":3,"column":29},"end":{"line":3,"column":59}},"1":{"start":{"line":6,"column":4},"end":{"line":8,"column":5}},"2":{"start":{"line":7,"column":8},"end":{"line":7,"column":45}},"3":{"start":{"line":12,"column":4},"end":{"line":18,"column":5}},"4":{"start":{"line":13,"column":8},"end":{"line":17,"column":10}}},"fnMap":{"0":{"name":"navigate","decl":{"start":{"line":5,"column":16},"end":{"line":5,"column":24}},"loc":{"start":{"line":5,"column":39},"end":{"line":9,"column":1}},"line":5},"1":{"name":"navigateReplace","decl":{"start":{"line":11,"column":16},"end":{"line":11,"column":31}},"loc":{"start":{"line":11,"column":45},"end":{"line":19,"column":1}},"line":11}},"branchMap":{"0":{"loc":{"start":{"line":6,"column":4},"end":{"line":8,"column":5}},"type":"if","locations":[{"start":{"line":6,"column":4},"end":{"line":8,"column":5}},{"start":{},"end":{}}],"line":6},"1":{"loc":{"start":{"line":12,"column":4},"end":{"line":18,"column":5}},"type":"if","locations":[{"start":{"line":12,"column":4},"end":{"line":18,"column":5}},{"start":{},"end":{}}],"line":12}},"s":{"0":0,"1":0,"2":0,"3":0,"4":0},"f":{"0":0,"1":0},"b":{"0":[0,0],"1":[0,0]}}
,"D:\\Gloversure\\React\\react-native-tutorial-apps\\tracks\\src\\api\\tracker.js": {"path":"D:\\Gloversure\\React\\react-native-tutorial-apps\\tracks\\src\\api\\tracker.js","statementMap":{"0":{"start":{"line":5,"column":17},"end":{"line":7,"column":2}},"1":{"start":{"line":9,"column":0},"end":{"line":21,"column":2}},"2":{"start":{"line":12,"column":22},"end":{"line":12,"column":61}},"3":{"start":{"line":13,"column":8},"end":{"line":15,"column":9}},"4":{"start":{"line":14,"column":12},"end":{"line":14,"column":61}},"5":{"start":{"line":16,"column":8},"end":{"line":16,"column":22}},"6":{"start":{"line":19,"column":8},"end":{"line":19,"column":35}}},"fnMap":{"0":{"name":"(anonymous_0)","decl":{"start":{"line":10,"column":4},"end":{"line":10,"column":5}},"loc":{"start":{"line":10,"column":22},"end":{"line":17,"column":5}},"line":10},"1":{"name":"(anonymous_1)","decl":{"start":{"line":18,"column":4},"end":{"line":18,"column":5}},"loc":{"start":{"line":18,"column":13},"end":{"line":20,"column":5}},"line":18}},"branchMap":{"0":{"loc":{"start":{"line":13,"column":8},"end":{"line":15,"column":9}},"type":"if","locations":[{"start":{"line":13,"column":8},"end":{"line":15,"column":9}},{"start":{},"end":{}}],"line":13}},"s":{"0":0,"1":0,"2":0,"3":0,"4":0,"5":0,"6":0},"f":{"0":0,"1":0},"b":{"0":[0,0]}}
,"D:\\Gloversure\\React\\react-native-tutorial-apps\\tracks\\src\\components\\AuthForm.js": {"path":"D:\\Gloversure\\React\\react-native-tutorial-apps\\tracks\\src\\components\\AuthForm.js","statementMap":{"0":{"start":{"line":6,"column":17},"end":{"line":43,"column":1}},"1":{"start":{"line":7,"column":30},"end":{"line":7,"column":42}},"2":{"start":{"line":8,"column":36},"end":{"line":8,"column":48}},"3":{"start":{"line":10,"column":4},"end":{"line":42,"column":6}},"4":{"start":{"line":18,"column":44},"end":{"line":18,"column":62}},"5":{"start":{"line":38,"column":35},"end":{"line":38,"column":64}},"6":{"start":{"line":45,"column":15},"end":{"line":52,"column":2}}},"fnMap":{"0":{"name":"(anonymous_0)","decl":{"start":{"line":6,"column":17},"end":{"line":6,"column":18}},"loc":{"start":{"line":6,"column":79},"end":{"line":43,"column":1}},"line":6},"1":{"name":"(anonymous_1)","decl":{"start":{"line":18,"column":30},"end":{"line":18,"column":31}},"loc":{"start":{"line":18,"column":44},"end":{"line":18,"column":62}},"line":18},"2":{"name":"(anonymous_2)","decl":{"start":{"line":38,"column":29},"end":{"line":38,"column":30}},"loc":{"start":{"line":38,"column":35},"end":{"line":38,"column":64}},"line":38}},"branchMap":{"0":{"loc":{"start":{"line":32,"column":13},"end":{"line":34,"column":20}},"type":"cond-expr","locations":[{"start":{"line":33,"column":16},"end":{"line":33,"column":71}},{"start":{"line":34,"column":16},"end":{"line":34,"column":20}}],"line":32}},"s":{"0":0,"1":0,"2":0,"3":0,"4":0,"5":0,"6":0},"f":{"0":0,"1":0,"2":0},"b":{"0":[0,0]}}
,"D:\\Gloversure\\React\\react-native-tutorial-apps\\tracks\\src\\components\\Map.js": {"path":"D:\\Gloversure\\React\\react-native-tutorial-apps\\tracks\\src\\components\\Map.js","statementMap":{"0":{"start":{"line":6,"column":12},"end":{"line":68,"column":1}},"1":{"start":{"line":21,"column":43},"end":{"line":23,"column":5}},"2":{"start":{"line":22,"column":19},"end":{"line":22,"column":33}},"3":{"start":{"line":25,"column":4},"end":{"line":27,"column":5}},"4":{"start":{"line":26,"column":8},"end":{"line":26,"column":77}},"5":{"start":{"line":44,"column":4},"end":{"line":67,"column":6}},"6":{"start":{"line":65,"column":58},"end":{"line":65,"column":68}},"7":{"start":{"line":70,"column":15},"end":{"line":74,"column":2}}},"fnMap":{"0":{"name":"(anonymous_0)","decl":{"start":{"line":6,"column":12},"end":{"line":6,"column":13}},"loc":{"start":{"line":6,"column":18},"end":{"line":68,"column":1}},"line":6},"1":{"name":"(anonymous_1)","decl":{"start":{"line":22,"column":8},"end":{"line":22,"column":9}},"loc":{"start":{"line":22,"column":19},"end":{"line":22,"column":33}},"line":22},"2":{"name":"(anonymous_2)","decl":{"start":{"line":65,"column":49},"end":{"line":65,"column":50}},"loc":{"start":{"line":65,"column":58},"end":{"line":65,"column":68}},"line":65}},"branchMap":{"0":{"loc":{"start":{"line":25,"column":4},"end":{"line":27,"column":5}},"type":"if","locations":[{"start":{"line":25,"column":4},"end":{"line":27,"column":5}},{"start":{},"end":{}}],"line":25}},"s":{"0":0,"1":0,"2":0,"3":0,"4":0,"5":0,"6":0,"7":0},"f":{"0":0,"1":0,"2":0},"b":{"0":[0,0]}}
,"D:\\Gloversure\\React\\react-native-tutorial-apps\\tracks\\src\\components\\NavLink.js": {"path":"D:\\Gloversure\\React\\react-native-tutorial-apps\\tracks\\src\\components\\NavLink.js","statementMap":{"0":{"start":{"line":6,"column":16},"end":{"line":16,"column":1}},"1":{"start":{"line":7,"column":23},"end":{"line":7,"column":38}},"2":{"start":{"line":9,"column":4},"end":{"line":15,"column":6}},"3":{"start":{"line":10,"column":41},"end":{"line":10,"column":71}},"4":{"start":{"line":18,"column":15},"end":{"line":22,"column":2}}},"fnMap":{"0":{"name":"(anonymous_0)","decl":{"start":{"line":6,"column":16},"end":{"line":6,"column":17}},"loc":{"start":{"line":6,"column":41},"end":{"line":16,"column":1}},"line":6},"1":{"name":"(anonymous_1)","decl":{"start":{"line":10,"column":35},"end":{"line":10,"column":36}},"loc":{"start":{"line":10,"column":41},"end":{"line":10,"column":71}},"line":10}},"branchMap":{},"s":{"0":0,"1":0,"2":0,"3":0,"4":0},"f":{"0":0,"1":0},"b":{}}
,"D:\\Gloversure\\React\\react-native-tutorial-apps\\tracks\\src\\components\\NetworkBanner.tsx": {"path":"D:\\Gloversure\\React\\react-native-tutorial-apps\\tracks\\src\\components\\NetworkBanner.tsx","statementMap":{"0":{"start":{"line":9,"column":22},"end":{"line":41,"column":1}},"1":{"start":{"line":10,"column":4},"end":{"line":10,"column":17}},"2":{"start":{"line":11,"column":28},"end":{"line":11,"column":44}},"3":{"start":{"line":12,"column":25},"end":{"line":12,"column":73}},"4":{"start":{"line":12,"column":59},"end":{"line":12,"column":72}},"5":{"start":{"line":13,"column":19},"end":{"line":13,"column":38}},"6":{"start":{"line":15,"column":4},"end":{"line":20,"column":33}},"7":{"start":{"line":16,"column":8},"end":{"line":19,"column":9}},"8":{"start":{"line":17,"column":12},"end":{"line":17,"column":37}},"9":{"start":{"line":18,"column":12},"end":{"line":18,"column":26}},"10":{"start":{"line":22,"column":4},"end":{"line":40,"column":6}},"11":{"start":{"line":43,"column":15},"end":{"line":52,"column":2}}},"fnMap":{"0":{"name":"(anonymous_0)","decl":{"start":{"line":9,"column":22},"end":{"line":9,"column":23}},"loc":{"start":{"line":9,"column":28},"end":{"line":41,"column":1}},"line":9},"1":{"name":"(anonymous_1)","decl":{"start":{"line":12,"column":37},"end":{"line":12,"column":38}},"loc":{"start":{"line":12,"column":59},"end":{"line":12,"column":72}},"line":12},"2":{"name":"(anonymous_2)","decl":{"start":{"line":15,"column":14},"end":{"line":15,"column":15}},"loc":{"start":{"line":15,"column":20},"end":{"line":20,"column":5}},"line":15}},"branchMap":{"0":{"loc":{"start":{"line":16,"column":8},"end":{"line":19,"column":9}},"type":"if","locations":[{"start":{"line":16,"column":8},"end":{"line":19,"column":9}},{"start":{},"end":{}}],"line":16}},"s":{"0":0,"1":0,"2":0,"3":0,"4":0,"5":0,"6":0,"7":0,"8":0,"9":0,"10":0,"11":0},"f":{"0":0,"1":0,"2":0},"b":{"0":[0,0]}}
,"D:\\Gloversure\\React\\react-native-tutorial-apps\\tracks\\src\\components\\Spacer.js": {"path":"D:\\Gloversure\\React\\react-native-tutorial-apps\\tracks\\src\\components\\Spacer.js","statementMap":{"0":{"start":{"line":4,"column":15},"end":{"line":6,"column":1}},"1":{"start":{"line":5,"column":4},"end":{"line":5,"column":57}},"2":{"start":{"line":8,"column":15},"end":{"line":12,"column":2}}},"fnMap":{"0":{"name":"(anonymous_0)","decl":{"start":{"line":4,"column":15},"end":{"line":4,"column":16}},"loc":{"start":{"line":4,"column":33},"end":{"line":6,"column":1}},"line":4}},"branchMap":{},"s":{"0":1,"1":2,"2":1},"f":{"0":2},"b":{},"_coverageSchema":"1a1c01bbd47fc00a2c39e90264f33305004495a9","hash":"1ae4b5306cc08bd01bd81f73c51763065a8aa25d"}
,"D:\\Gloversure\\React\\react-native-tutorial-apps\\tracks\\src\\components\\TrackForm.js": {"path":"D:\\Gloversure\\React\\react-native-tutorial-apps\\tracks\\src\\components\\TrackForm.js","statementMap":{"0":{"start":{"line":13,"column":18},"end":{"line":58,"column":1}},"1":{"start":{"line":14,"column":43},"end":{"line":16,"column":5}},"2":{"start":{"line":15,"column":19},"end":{"line":15,"column":33}},"3":{"start":{"line":18,"column":21},"end":{"line":18,"column":34}},"4":{"start":{"line":19,"column":24},"end":{"line":19,"column":38}},"5":{"start":{"line":21,"column":4},"end":{"line":57,"column":6}},"6":{"start":{"line":27,"column":47},"end":{"line":27,"column":76}},"7":{"start":{"line":34,"column":39},"end":{"line":34,"column":64}},"8":{"start":{"line":39,"column":39},"end":{"line":39,"column":65}},"9":{"start":{"line":52,"column":39},"end":{"line":52,"column":56}}},"fnMap":{"0":{"name":"(anonymous_0)","decl":{"start":{"line":13,"column":18},"end":{"line":13,"column":19}},"loc":{"start":{"line":13,"column":24},"end":{"line":58,"column":1}},"line":13},"1":{"name":"(anonymous_1)","decl":{"start":{"line":15,"column":8},"end":{"line":15,"column":9}},"loc":{"start":{"line":15,"column":19},"end":{"line":15,"column":33}},"line":15},"2":{"name":"(anonymous_2)","decl":{"start":{"line":27,"column":34},"end":{"line":27,"column":35}},"loc":{"start":{"line":27,"column":47},"end":{"line":27,"column":76}},"line":27},"3":{"name":"(anonymous_3)","decl":{"start":{"line":34,"column":33},"end":{"line":34,"column":34}},"loc":{"start":{"line":34,"column":39},"end":{"line":34,"column":64}},"line":34},"4":{"name":"(anonymous_4)","decl":{"start":{"line":39,"column":33},"end":{"line":39,"column":34}},"loc":{"start":{"line":39,"column":39},"end":{"line":39,"column":65}},"line":39},"5":{"name":"(anonymous_5)","decl":{"start":{"line":52,"column":33},"end":{"line":52,"column":34}},"loc":{"start":{"line":52,"column":39},"end":{"line":52,"column":56}},"line":52}},"branchMap":{"0":{"loc":{"start":{"line":31,"column":17},"end":{"line":41,"column":17}},"type":"cond-expr","locations":[{"start":{"line":32,"column":20},"end":{"line":35,"column":22}},{"start":{"line":37,"column":20},"end":{"line":40,"column":22}}],"line":31},"1":{"loc":{"start":{"line":44,"column":17},"end":{"line":46,"column":24}},"type":"cond-expr","locations":[{"start":{"line":45,"column":20},"end":{"line":45,"column":73}},{"start":{"line":46,"column":20},"end":{"line":46,"column":24}}],"line":44},"2":{"loc":{"start":{"line":44,"column":17},"end":{"line":44,"column":47}},"type":"binary-expr","locations":[{"start":{"line":44,"column":17},"end":{"line":44,"column":27}},{"start":{"line":44,"column":31},"end":{"line":44,"column":47}}],"line":44},"3":{"loc":{"start":{"line":49,"column":17},"end":{"line":54,"column":24}},"type":"cond-expr","locations":[{"start":{"line":50,"column":20},"end":{"line":53,"column":22}},{"start":{"line":54,"column":20},"end":{"line":54,"column":24}}],"line":49},"4":{"loc":{"start":{"line":49,"column":17},"end":{"line":49,"column":47}},"type":"binary-expr","locations":[{"start":{"line":49,"column":17},"end":{"line":49,"column":27}},{"start":{"line":49,"column":31},"end":{"line":49,"column":47}}],"line":49}},"s":{"0":0,"1":0,"2":0,"3":0,"4":0,"5":0,"6":0,"7":0,"8":0,"9":0},"f":{"0":0,"1":0,"2":0,"3":0,"4":0,"5":0},"b":{"0":[0,0],"1":[0,0],"2":[0,0],"3":[0,0],"4":[0,0]}}
,"D:\\Gloversure\\React\\react-native-tutorial-apps\\tracks\\src\\components\\form\\FormBarcodeScanner.tsx": {"path":"D:\\Gloversure\\React\\react-native-tutorial-apps\\tracks\\src\\components\\form\\FormBarcodeScanner.tsx","statementMap":{"0":{"start":{"line":7,"column":27},"end":{"line":92,"column":1}},"1":{"start":{"line":8,"column":46},"end":{"line":8,"column":60}},"2":{"start":{"line":9,"column":42},"end":{"line":9,"column":57}},"3":{"start":{"line":11,"column":4},"end":{"line":21,"column":11}},"4":{"start":{"line":12,"column":8},"end":{"line":20,"column":9}},"5":{"start":{"line":13,"column":49},"end":{"line":17,"column":13}},"6":{"start":{"line":15,"column":20},"end":{"line":15,"column":66}},"7":{"start":{"line":16,"column":16},"end":{"line":16,"column":55}},"8":{"start":{"line":19,"column":12},"end":{"line":19,"column":43}},"9":{"start":{"line":23,"column":33},"end":{"line":26,"column":5}},"10":{"start":{"line":24,"column":8},"end":{"line":24,"column":30}},"11":{"start":{"line":25,"column":8},"end":{"line":25,"column":79}},"12":{"start":{"line":28,"column":4},"end":{"line":30,"column":5}},"13":{"start":{"line":29,"column":8},"end":{"line":29,"column":61}},"14":{"start":{"line":31,"column":4},"end":{"line":33,"column":5}},"15":{"start":{"line":32,"column":8},"end":{"line":32,"column":48}},"16":{"start":{"line":35,"column":4},"end":{"line":91,"column":6}},"17":{"start":{"line":39,"column":16},"end":{"line":87,"column":23}},"18":{"start":{"line":55,"column":36},"end":{"line":58,"column":39}},"19":{"start":{"line":59,"column":36},"end":{"line":59,"column":63}},"20":{"start":{"line":67,"column":51},"end":{"line":67,"column":72}},"21":{"start":{"line":74,"column":43},"end":{"line":74,"column":63}}},"fnMap":{"0":{"name":"(anonymous_0)","decl":{"start":{"line":7,"column":27},"end":{"line":7,"column":28}},"loc":{"start":{"line":7,"column":58},"end":{"line":92,"column":1}},"line":7},"1":{"name":"(anonymous_1)","decl":{"start":{"line":11,"column":14},"end":{"line":11,"column":15}},"loc":{"start":{"line":11,"column":20},"end":{"line":21,"column":5}},"line":11},"2":{"name":"(anonymous_2)","decl":{"start":{"line":13,"column":49},"end":{"line":13,"column":50}},"loc":{"start":{"line":13,"column":61},"end":{"line":17,"column":13}},"line":13},"3":{"name":"(anonymous_3)","decl":{"start":{"line":23,"column":33},"end":{"line":23,"column":34}},"loc":{"start":{"line":23,"column":53},"end":{"line":26,"column":5}},"line":23},"4":{"name":"(anonymous_4)","decl":{"start":{"line":38,"column":20},"end":{"line":38,"column":21}},"loc":{"start":{"line":39,"column":16},"end":{"line":87,"column":23}},"line":39},"5":{"name":"(anonymous_5)","decl":{"start":{"line":54,"column":50},"end":{"line":54,"column":51}},"loc":{"start":{"line":54,"column":60},"end":{"line":60,"column":33}},"line":54},"6":{"name":"(anonymous_6)","decl":{"start":{"line":67,"column":45},"end":{"line":67,"column":46}},"loc":{"start":{"line":67,"column":51},"end":{"line":67,"column":72}},"line":67},"7":{"name":"(anonymous_7)","decl":{"start":{"line":74,"column":37},"end":{"line":74,"column":38}},"loc":{"start":{"line":74,"column":43},"end":{"line":74,"column":63}},"line":74}},"branchMap":{"0":{"loc":{"start":{"line":12,"column":8},"end":{"line":20,"column":9}},"type":"if","locations":[{"start":{"line":12,"column":8},"end":{"line":20,"column":9}},{"start":{},"end":{}}],"line":12},"1":{"loc":{"start":{"line":28,"column":4},"end":{"line":30,"column":5}},"type":"if","locations":[{"start":{"line":28,"column":4},"end":{"line":30,"column":5}},{"start":{},"end":{}}],"line":28},"2":{"loc":{"start":{"line":31,"column":4},"end":{"line":33,"column":5}},"type":"if","locations":[{"start":{"line":31,"column":4},"end":{"line":33,"column":5}},{"start":{},"end":{}}],"line":31},"3":{"loc":{"start":{"line":41,"column":21},"end":{"line":50,"column":21}},"type":"binary-expr","locations":[{"start":{"line":41,"column":21},"end":{"line":41,"column":26}},{"start":{"line":42,"column":24},"end":{"line":49,"column":27}}],"line":41},"4":{"loc":{"start":{"line":51,"column":21},"end":{"line":76,"column":21}},"type":"cond-expr","locations":[{"start":{"line":52,"column":24},"end":{"line":70,"column":31}},{"start":{"line":72,"column":24},"end":{"line":75,"column":26}}],"line":51},"5":{"loc":{"start":{"line":77,"column":21},"end":{"line":81,"column":21}},"type":"binary-expr","locations":[{"start":{"line":77,"column":21},"end":{"line":77,"column":43}},{"start":{},"end":{}}],"line":77},"6":{"loc":{"start":{"line":82,"column":21},"end":{"line":86,"column":21}},"type":"binary-expr","locations":[{"start":{"line":82,"column":21},"end":{"line":82,"column":43}},{"start":{},"end":{}}],"line":82}},"s":{"0":1,"1":2,"2":2,"3":2,"4":1,"5":0,"6":0,"7":0,"8":0,"9":2,"10":0,"11":0,"12":2,"13":2,"14":0,"15":0,"16":0,"17":0,"18":0,"19":0,"20":0,"21":0},"f":{"0":2,"1":1,"2":0,"3":0,"4":0,"5":0,"6":0,"7":0},"b":{"0":[0,1],"1":[2,0],"2":[0,0],"3":[0,0],"4":[0,0],"5":[0,0],"6":[0,0]},"_coverageSchema":"1a1c01bbd47fc00a2c39e90264f33305004495a9","hash":"6cdd002eb0a3c7fa8e01259ee49c1eab77adae24"}
,"D:\\Gloversure\\React\\react-native-tutorial-apps\\tracks\\src\\components\\form\\FormDateTimePicker.tsx": {"path":"D:\\Gloversure\\React\\react-native-tutorial-apps\\tracks\\src\\components\\form\\FormDateTimePicker.tsx","statementMap":{"0":{"start":{"line":7,"column":27},"end":{"line":91,"column":1}},"1":{"start":{"line":8,"column":36},"end":{"line":8,"column":51}},"2":{"start":{"line":9,"column":36},"end":{"line":9,"column":51}},"3":{"start":{"line":11,"column":4},"end":{"line":90,"column":6}},"4":{"start":{"line":17,"column":24},"end":{"line":17,"column":42}},"5":{"start":{"line":25,"column":24},"end":{"line":25,"column":42}},"6":{"start":{"line":37,"column":20},"end":{"line":57,"column":27}},"7":{"start":{"line":44,"column":36},"end":{"line":44,"column":51}},"8":{"start":{"line":45,"column":36},"end":{"line":45,"column":55}},"9":{"start":{"line":65,"column":20},"end":{"line":85,"column":27}},"10":{"start":{"line":72,"column":36},"end":{"line":72,"column":51}},"11":{"start":{"line":73,"column":36},"end":{"line":73,"column":55}}},"fnMap":{"0":{"name":"(anonymous_0)","decl":{"start":{"line":7,"column":27},"end":{"line":7,"column":28}},"loc":{"start":{"line":7,"column":52},"end":{"line":91,"column":1}},"line":7},"1":{"name":"(anonymous_1)","decl":{"start":{"line":16,"column":29},"end":{"line":16,"column":30}},"loc":{"start":{"line":16,"column":35},"end":{"line":18,"column":21}},"line":16},"2":{"name":"(anonymous_2)","decl":{"start":{"line":24,"column":29},"end":{"line":24,"column":30}},"loc":{"start":{"line":24,"column":35},"end":{"line":26,"column":21}},"line":24},"3":{"name":"(anonymous_3)","decl":{"start":{"line":36,"column":24},"end":{"line":36,"column":25}},"loc":{"start":{"line":37,"column":20},"end":{"line":57,"column":27}},"line":37},"4":{"name":"(anonymous_4)","decl":{"start":{"line":43,"column":42},"end":{"line":43,"column":43}},"loc":{"start":{"line":43,"column":59},"end":{"line":46,"column":33}},"line":43},"5":{"name":"(anonymous_5)","decl":{"start":{"line":64,"column":24},"end":{"line":64,"column":25}},"loc":{"start":{"line":65,"column":20},"end":{"line":85,"column":27}},"line":65},"6":{"name":"(anonymous_6)","decl":{"start":{"line":71,"column":42},"end":{"line":71,"column":43}},"loc":{"start":{"line":71,"column":59},"end":{"line":74,"column":33}},"line":71}},"branchMap":{"0":{"loc":{"start":{"line":38,"column":25},"end":{"line":48,"column":25}},"type":"binary-expr","locations":[{"start":{"line":38,"column":25},"end":{"line":38,"column":33}},{"start":{"line":39,"column":28},"end":{"line":47,"column":30}}],"line":38},"1":{"loc":{"start":{"line":52,"column":25},"end":{"line":56,"column":25}},"type":"binary-expr","locations":[{"start":{"line":52,"column":25},"end":{"line":52,"column":36}},{"start":{},"end":{}}],"line":52},"2":{"loc":{"start":{"line":66,"column":25},"end":{"line":76,"column":25}},"type":"binary-expr","locations":[{"start":{"line":66,"column":25},"end":{"line":66,"column":33}},{"start":{"line":67,"column":28},"end":{"line":75,"column":30}}],"line":66},"3":{"loc":{"start":{"line":80,"column":25},"end":{"line":84,"column":25}},"type":"binary-expr","locations":[{"start":{"line":80,"column":25},"end":{"line":80,"column":36}},{"start":{},"end":{}}],"line":80}},"s":{"0":1,"1":2,"2":2,"3":2,"4":0,"5":0,"6":2,"7":0,"8":0,"9":2,"10":0,"11":0},"f":{"0":2,"1":0,"2":0,"3":2,"4":0,"5":2,"6":0},"b":{"0":[2,0],"1":[2,0],"2":[2,0],"3":[2,0]},"_coverageSchema":"1a1c01bbd47fc00a2c39e90264f33305004495a9","hash":"209a7dba87067e9d96a10e17a375877a884b6bc9"}
,"D:\\Gloversure\\React\\react-native-tutorial-apps\\tracks\\src\\components\\form\\FormDocumentPicker.tsx": {"path":"D:\\Gloversure\\React\\react-native-tutorial-apps\\tracks\\src\\components\\form\\FormDocumentPicker.tsx","statementMap":{"0":{"start":{"line":8,"column":27},"end":{"line":62,"column":1}},"1":{"start":{"line":9,"column":25},"end":{"line":13,"column":5}},"2":{"start":{"line":10,"column":21},"end":{"line":10,"column":62}},"3":{"start":{"line":11,"column":8},"end":{"line":11,"column":28}},"4":{"start":{"line":12,"column":8},"end":{"line":12,"column":25}},"5":{"start":{"line":15,"column":4},"end":{"line":61,"column":6}},"6":{"start":{"line":20,"column":16},"end":{"line":57,"column":23}},"7":{"start":{"line":42,"column":39},"end":{"line":42,"column":61}},"8":{"start":{"line":49,"column":43},"end":{"line":49,"column":67}}},"fnMap":{"0":{"name":"(anonymous_0)","decl":{"start":{"line":8,"column":27},"end":{"line":8,"column":28}},"loc":{"start":{"line":8,"column":62},"end":{"line":62,"column":1}},"line":8},"1":{"name":"(anonymous_1)","decl":{"start":{"line":9,"column":25},"end":{"line":9,"column":26}},"loc":{"start":{"line":9,"column":45},"end":{"line":13,"column":5}},"line":9},"2":{"name":"(anonymous_2)","decl":{"start":{"line":19,"column":20},"end":{"line":19,"column":21}},"loc":{"start":{"line":20,"column":16},"end":{"line":57,"column":23}},"line":20},"3":{"name":"(anonymous_3)","decl":{"start":{"line":42,"column":33},"end":{"line":42,"column":34}},"loc":{"start":{"line":42,"column":39},"end":{"line":42,"column":61}},"line":42},"4":{"name":"(anonymous_4)","decl":{"start":{"line":49,"column":37},"end":{"line":49,"column":38}},"loc":{"start":{"line":49,"column":43},"end":{"line":49,"column":67}},"line":49}},"branchMap":{"0":{"loc":{"start":{"line":22,"column":21},"end":{"line":37,"column":21}},"type":"binary-expr","locations":[{"start":{"line":22,"column":21},"end":{"line":22,"column":34}},{"start":{"line":23,"column":24},"end":{"line":36,"column":27}}],"line":22},"1":{"loc":{"start":{"line":44,"column":21},"end":{"line":51,"column":21}},"type":"binary-expr","locations":[{"start":{"line":44,"column":21},"end":{"line":44,"column":34}},{"start":{"line":45,"column":24},"end":{"line":50,"column":26}}],"line":44},"2":{"loc":{"start":{"line":52,"column":21},"end":{"line":56,"column":21}},"type":"binary-expr","locations":[{"start":{"line":52,"column":21},"end":{"line":52,"column":36}},{"start":{},"end":{}}],"line":52}},"s":{"0":1,"1":2,"2":0,"3":0,"4":0,"5":2,"6":2,"7":0,"8":0},"f":{"0":2,"1":0,"2":2,"3":0,"4":0},"b":{"0":[2,0],"1":[2,0],"2":[2,0]},"_coverageSchema":"1a1c01bbd47fc00a2c39e90264f33305004495a9","hash":"419b7365191c2a0cfd458bc1f01faba3c0aea799"}
,"D:\\Gloversure\\React\\react-native-tutorial-apps\\tracks\\src\\components\\form\\FormImage.tsx": {"path":"D:\\Gloversure\\React\\react-native-tutorial-apps\\tracks\\src\\components\\form\\FormImage.tsx","statementMap":{"0":{"start":{"line":13,"column":18},"end":{"line":114,"column":1}},"1":{"start":{"line":17,"column":30},"end":{"line":17,"column":52}},"2":{"start":{"line":21,"column":4},"end":{"line":24,"column":16}},"3":{"start":{"line":22,"column":8},"end":{"line":22,"column":36}},"4":{"start":{"line":23,"column":8},"end":{"line":23,"column":32}},"5":{"start":{"line":26,"column":24},"end":{"line":28,"column":5}},"6":{"start":{"line":27,"column":8},"end":{"line":27,"column":22}},"7":{"start":{"line":30,"column":4},"end":{"line":34,"column":8}},"8":{"start":{"line":30,"column":36},"end":{"line":34,"column":5}},"9":{"start":{"line":32,"column":12},"end":{"line":32,"column":30}},"10":{"start":{"line":36,"column":24},"end":{"line":60,"column":5}},"11":{"start":{"line":38,"column":8},"end":{"line":52,"column":9}},"12":{"start":{"line":39,"column":12},"end":{"line":44,"column":15}},"13":{"start":{"line":46,"column":12},"end":{"line":51,"column":15}},"14":{"start":{"line":56,"column":8},"end":{"line":58,"column":9}},"15":{"start":{"line":57,"column":12},"end":{"line":57,"column":43}},"16":{"start":{"line":59,"column":8},"end":{"line":59,"column":22}},"17":{"start":{"line":62,"column":4},"end":{"line":113,"column":6}},"18":{"start":{"line":74,"column":39},"end":{"line":74,"column":53}},"19":{"start":{"line":94,"column":20},"end":{"line":108,"column":27}}},"fnMap":{"0":{"name":"(anonymous_0)","decl":{"start":{"line":13,"column":18},"end":{"line":13,"column":19}},"loc":{"start":{"line":16,"column":5},"end":{"line":114,"column":1}},"line":16},"1":{"name":"(anonymous_1)","decl":{"start":{"line":21,"column":14},"end":{"line":21,"column":15}},"loc":{"start":{"line":21,"column":20},"end":{"line":24,"column":5}},"line":21},"2":{"name":"(anonymous_2)","decl":{"start":{"line":26,"column":24},"end":{"line":26,"column":25}},"loc":{"start":{"line":26,"column":30},"end":{"line":28,"column":5}},"line":26},"3":{"name":"(anonymous_3)","decl":{"start":{"line":30,"column":29},"end":{"line":30,"column":30}},"loc":{"start":{"line":30,"column":36},"end":{"line":34,"column":5}},"line":30},"4":{"name":"(anonymous_4)","decl":{"start":{"line":31,"column":21},"end":{"line":31,"column":22}},"loc":{"start":{"line":31,"column":31},"end":{"line":33,"column":9}},"line":31},"5":{"name":"(anonymous_5)","decl":{"start":{"line":36,"column":24},"end":{"line":36,"column":25}},"loc":{"start":{"line":36,"column":40},"end":{"line":60,"column":5}},"line":36},"6":{"name":"(anonymous_6)","decl":{"start":{"line":74,"column":33},"end":{"line":74,"column":34}},"loc":{"start":{"line":74,"column":39},"end":{"line":74,"column":53}},"line":74},"7":{"name":"(anonymous_7)","decl":{"start":{"line":93,"column":24},"end":{"line":93,"column":25}},"loc":{"start":{"line":94,"column":20},"end":{"line":108,"column":27}},"line":94}},"branchMap":{"0":{"loc":{"start":{"line":38,"column":8},"end":{"line":52,"column":9}},"type":"if","locations":[{"start":{"line":38,"column":8},"end":{"line":52,"column":9}},{"start":{"line":45,"column":15},"end":{"line":52,"column":9}}],"line":38},"1":{"loc":{"start":{"line":56,"column":8},"end":{"line":58,"column":9}},"type":"if","locations":[{"start":{"line":56,"column":8},"end":{"line":58,"column":9}},{"start":{},"end":{}}],"line":56},"2":{"loc":{"start":{"line":72,"column":17},"end":{"line":79,"column":17}},"type":"binary-expr","locations":[{"start":{"line":72,"column":17},"end":{"line":72,"column":22}},{"start":{},"end":{}}],"line":72},"3":{"loc":{"start":{"line":82,"column":17},"end":{"line":89,"column":17}},"type":"binary-expr","locations":[{"start":{"line":82,"column":17},"end":{"line":82,"column":22}},{"start":{"line":83,"column":20},"end":{"line":88,"column":22}}],"line":82},"4":{"loc":{"start":{"line":103,"column":25},"end":{"line":107,"column":25}},"type":"binary-expr","locations":[{"start":{"line":103,"column":25},"end":{"line":103,"column":40}},{"start":{},"end":{}}],"line":103}},"s":{"0":1,"1":2,"2":2,"3":1,"4":1,"5":2,"6":0,"7":2,"8":2,"9":0,"10":2,"11":0,"12":0,"13":0,"14":0,"15":0,"16":0,"17":2,"18":0,"19":2},"f":{"0":2,"1":1,"2":0,"3":2,"4":0,"5":0,"6":0,"7":2},"b":{"0":[0,0],"1":[0,0],"2":[2,0],"3":[2,0],"4":[2,0]},"_coverageSchema":"1a1c01bbd47fc00a2c39e90264f33305004495a9","hash":"bf4bd99b7804bbaf7a264e31f9a946b758374fb2"}
,"D:\\Gloversure\\React\\react-native-tutorial-apps\\tracks\\src\\components\\form\\FormMultiSelect.tsx": {"path":"D:\\Gloversure\\React\\react-native-tutorial-apps\\tracks\\src\\components\\form\\FormMultiSelect.tsx","statementMap":{"0":{"start":{"line":8,"column":24},"end":{"line":152,"column":1}},"1":{"start":{"line":9,"column":38},"end":{"line":9,"column":53}},"2":{"start":{"line":12,"column":18},"end":{"line":53,"column":5}},"3":{"start":{"line":55,"column":22},"end":{"line":57,"column":5}},"4":{"start":{"line":56,"column":8},"end":{"line":56,"column":27}},"5":{"start":{"line":59,"column":23},"end":{"line":61,"column":5}},"6":{"start":{"line":60,"column":8},"end":{"line":60,"column":28}},"7":{"start":{"line":63,"column":4},"end":{"line":151,"column":6}},"8":{"start":{"line":69,"column":16},"end":{"line":147,"column":23}},"9":{"start":{"line":73,"column":28},"end":{"line":81,"column":30}},"10":{"start":{"line":111,"column":36},"end":{"line":111,"column":60}},"11":{"start":{"line":112,"column":36},"end":{"line":119,"column":37}},"12":{"start":{"line":113,"column":40},"end":{"line":118,"column":42}},"13":{"start":{"line":114,"column":44},"end":{"line":114,"column":64}},"14":{"start":{"line":115,"column":44},"end":{"line":115,"column":74}},"15":{"start":{"line":117,"column":44},"end":{"line":117,"column":75}},"16":{"start":{"line":127,"column":57},"end":{"line":127,"column":74}}},"fnMap":{"0":{"name":"(anonymous_0)","decl":{"start":{"line":8,"column":24},"end":{"line":8,"column":25}},"loc":{"start":{"line":8,"column":49},"end":{"line":152,"column":1}},"line":8},"1":{"name":"(anonymous_1)","decl":{"start":{"line":55,"column":22},"end":{"line":55,"column":23}},"loc":{"start":{"line":55,"column":28},"end":{"line":57,"column":5}},"line":55},"2":{"name":"(anonymous_2)","decl":{"start":{"line":59,"column":23},"end":{"line":59,"column":24}},"loc":{"start":{"line":59,"column":29},"end":{"line":61,"column":5}},"line":59},"3":{"name":"(anonymous_3)","decl":{"start":{"line":68,"column":20},"end":{"line":68,"column":21}},"loc":{"start":{"line":69,"column":16},"end":{"line":147,"column":23}},"line":69},"4":{"name":"(anonymous_4)","decl":{"start":{"line":72,"column":35},"end":{"line":72,"column":36}},"loc":{"start":{"line":72,"column":46},"end":{"line":82,"column":25}},"line":72},"5":{"name":"(anonymous_5)","decl":{"start":{"line":110,"column":37},"end":{"line":110,"column":38}},"loc":{"start":{"line":110,"column":52},"end":{"line":120,"column":33}},"line":110},"6":{"name":"(anonymous_6)","decl":{"start":{"line":113,"column":71},"end":{"line":113,"column":72}},"loc":{"start":{"line":113,"column":77},"end":{"line":118,"column":41}},"line":113},"7":{"name":"(anonymous_7)","decl":{"start":{"line":127,"column":47},"end":{"line":127,"column":48}},"loc":{"start":{"line":127,"column":57},"end":{"line":127,"column":74}},"line":127}},"branchMap":{"0":{"loc":{"start":{"line":112,"column":36},"end":{"line":119,"column":37}},"type":"if","locations":[{"start":{"line":112,"column":36},"end":{"line":119,"column":37}},{"start":{},"end":{}}],"line":112},"1":{"loc":{"start":{"line":142,"column":21},"end":{"line":146,"column":21}},"type":"binary-expr","locations":[{"start":{"line":142,"column":21},"end":{"line":142,"column":39}},{"start":{},"end":{}}],"line":142}},"s":{"0":1,"1":2,"2":2,"3":2,"4":0,"5":2,"6":0,"7":2,"8":2,"9":0,"10":0,"11":0,"12":0,"13":0,"14":0,"15":0,"16":0},"f":{"0":2,"1":0,"2":0,"3":2,"4":0,"5":0,"6":0,"7":0},"b":{"0":[0,0],"1":[2,0]},"_coverageSchema":"1a1c01bbd47fc00a2c39e90264f33305004495a9","hash":"8dd7a7164e7b3196d4a7854e2a742414fb1ccd0d"}
,"D:\\Gloversure\\React\\react-native-tutorial-apps\\tracks\\src\\components\\form\\FormPicker.tsx": {"path":"D:\\Gloversure\\React\\react-native-tutorial-apps\\tracks\\src\\components\\form\\FormPicker.tsx","statementMap":{"0":{"start":{"line":7,"column":19},"end":{"line":34,"column":1}},"1":{"start":{"line":8,"column":4},"end":{"line":33,"column":6}},"2":{"start":{"line":14,"column":20},"end":{"line":28,"column":27}}},"fnMap":{"0":{"name":"(anonymous_0)","decl":{"start":{"line":7,"column":19},"end":{"line":7,"column":20}},"loc":{"start":{"line":7,"column":44},"end":{"line":34,"column":1}},"line":7},"1":{"name":"(anonymous_1)","decl":{"start":{"line":13,"column":24},"end":{"line":13,"column":25}},"loc":{"start":{"line":14,"column":20},"end":{"line":28,"column":27}},"line":14}},"branchMap":{"0":{"loc":{"start":{"line":23,"column":25},"end":{"line":27,"column":25}},"type":"binary-expr","locations":[{"start":{"line":23,"column":25},"end":{"line":23,"column":38}},{"start":{},"end":{}}],"line":23}},"s":{"0":1,"1":2,"2":2},"f":{"0":2,"1":2},"b":{"0":[2,0]},"_coverageSchema":"1a1c01bbd47fc00a2c39e90264f33305004495a9","hash":"aaa658f4ba8e0c4e1c1434b20d84d3e92bb4c8b0"}
,"D:\\Gloversure\\React\\react-native-tutorial-apps\\tracks\\src\\components\\form\\FormSignature.tsx": {"path":"D:\\Gloversure\\React\\react-native-tutorial-apps\\tracks\\src\\components\\form\\FormSignature.tsx","statementMap":{"0":{"start":{"line":16,"column":22},"end":{"line":104,"column":1}},"1":{"start":{"line":17,"column":19},"end":{"line":17,"column":45}},"2":{"start":{"line":18,"column":38},"end":{"line":18,"column":53}},"3":{"start":{"line":19,"column":30},"end":{"line":19,"column":44}},"4":{"start":{"line":21,"column":31},"end":{"line":24,"column":5}},"5":{"start":{"line":22,"column":8},"end":{"line":22,"column":23}},"6":{"start":{"line":23,"column":8},"end":{"line":23,"column":27}},"7":{"start":{"line":26,"column":25},"end":{"line":28,"column":5}},"8":{"start":{"line":27,"column":8},"end":{"line":27,"column":28}},"9":{"start":{"line":30,"column":4},"end":{"line":103,"column":6}},"10":{"start":{"line":35,"column":16},"end":{"line":99,"column":23}},"11":{"start":{"line":87,"column":36},"end":{"line":87,"column":56}},"12":{"start":{"line":88,"column":36},"end":{"line":88,"column":51}},"13":{"start":{"line":91,"column":36},"end":{"line":91,"column":50}},"14":{"start":{"line":92,"column":36},"end":{"line":92,"column":51}},"15":{"start":{"line":106,"column":14},"end":{"line":106,"column":39}}},"fnMap":{"0":{"name":"(anonymous_0)","decl":{"start":{"line":16,"column":22},"end":{"line":16,"column":23}},"loc":{"start":{"line":16,"column":58},"end":{"line":104,"column":1}},"line":16},"1":{"name":"(anonymous_1)","decl":{"start":{"line":21,"column":31},"end":{"line":21,"column":32}},"loc":{"start":{"line":21,"column":37},"end":{"line":24,"column":5}},"line":21},"2":{"name":"(anonymous_2)","decl":{"start":{"line":26,"column":25},"end":{"line":26,"column":26}},"loc":{"start":{"line":26,"column":31},"end":{"line":28,"column":5}},"line":26},"3":{"name":"(anonymous_3)","decl":{"start":{"line":34,"column":20},"end":{"line":34,"column":21}},"loc":{"start":{"line":35,"column":16},"end":{"line":99,"column":23}},"line":35},"4":{"name":"(anonymous_4)","decl":{"start":{"line":85,"column":41},"end":{"line":85,"column":42}},"loc":{"start":{"line":85,"column":47},"end":{"line":89,"column":33}},"line":85},"5":{"name":"(anonymous_5)","decl":{"start":{"line":90,"column":38},"end":{"line":90,"column":39}},"loc":{"start":{"line":90,"column":47},"end":{"line":93,"column":33}},"line":90}},"branchMap":{"0":{"loc":{"start":{"line":42,"column":21},"end":{"line":47,"column":21}},"type":"binary-expr","locations":[{"start":{"line":42,"column":21},"end":{"line":42,"column":43}},{"start":{},"end":{}}],"line":42},"1":{"loc":{"start":{"line":54,"column":21},"end":{"line":58,"column":21}},"type":"binary-expr","locations":[{"start":{"line":54,"column":21},"end":{"line":54,"column":37}},{"start":{},"end":{}}],"line":54},"2":{"loc":{"start":{"line":96,"column":29},"end":{"line":96,"column":58}},"type":"binary-expr","locations":[{"start":{"line":96,"column":29},"end":{"line":96,"column":34}},{"start":{"line":96,"column":38},"end":{"line":96,"column":58}}],"line":96}},"s":{"0":1,"1":2,"2":2,"3":2,"4":2,"5":0,"6":0,"7":2,"8":0,"9":2,"10":2,"11":0,"12":0,"13":0,"14":0,"15":1},"f":{"0":2,"1":0,"2":0,"3":2,"4":0,"5":0},"b":{"0":[2,0],"1":[2,0],"2":[2,0]},"_coverageSchema":"1a1c01bbd47fc00a2c39e90264f33305004495a9","hash":"d10c670f8e8ccc278dd4cfc3a0b2b87bec47434c"}
,"D:\\Gloversure\\React\\react-native-tutorial-apps\\tracks\\src\\context\\AuthContext.js": {"path":"D:\\Gloversure\\React\\react-native-tutorial-apps\\tracks\\src\\context\\AuthContext.js","statementMap":{"0":{"start":{"line":6,"column":20},"end":{"line":19,"column":1}},"1":{"start":{"line":7,"column":4},"end":{"line":18,"column":5}},"2":{"start":{"line":9,"column":12},"end":{"line":9,"column":62}},"3":{"start":{"line":11,"column":12},"end":{"line":11,"column":73}},"4":{"start":{"line":13,"column":12},"end":{"line":13,"column":50}},"5":{"start":{"line":15,"column":12},"end":{"line":15,"column":63}},"6":{"start":{"line":17,"column":12},"end":{"line":17,"column":25}},"7":{"start":{"line":21,"column":23},"end":{"line":27,"column":1}},"8":{"start":{"line":21,"column":37},"end":{"line":27,"column":1}},"9":{"start":{"line":23,"column":18},"end":{"line":23,"column":57}},"10":{"start":{"line":24,"column":4},"end":{"line":26,"column":5}},"11":{"start":{"line":25,"column":8},"end":{"line":25,"column":53}},"12":{"start":{"line":29,"column":26},"end":{"line":31,"column":1}},"13":{"start":{"line":29,"column":40},"end":{"line":31,"column":1}},"14":{"start":{"line":30,"column":4},"end":{"line":30,"column":46}},"15":{"start":{"line":34,"column":4},"end":{"line":52,"column":5}},"16":{"start":{"line":35,"column":4},"end":{"line":52,"column":5}},"17":{"start":{"line":36,"column":8},"end":{"line":51,"column":9}},"18":{"start":{"line":37,"column":29},"end":{"line":40,"column":14}},"19":{"start":{"line":42,"column":12},"end":{"line":44,"column":15}},"20":{"start":{"line":45,"column":12},"end":{"line":45,"column":71}},"21":{"start":{"line":47,"column":12},"end":{"line":50,"column":15}},"22":{"start":{"line":55,"column":4},"end":{"line":74,"column":5}},"23":{"start":{"line":56,"column":4},"end":{"line":74,"column":5}},"24":{"start":{"line":57,"column":8},"end":{"line":73,"column":9}},"25":{"start":{"line":58,"column":29},"end":{"line":61,"column":14}},"26":{"start":{"line":63,"column":12},"end":{"line":65,"column":15}},"27":{"start":{"line":66,"column":12},"end":{"line":66,"column":71}},"28":{"start":{"line":68,"column":12},"end":{"line":68,"column":29}},"29":{"start":{"line":69,"column":12},"end":{"line":72,"column":15}},"30":{"start":{"line":76,"column":16},"end":{"line":80,"column":1}},"31":{"start":{"line":76,"column":30},"end":{"line":80,"column":1}},"32":{"start":{"line":78,"column":4},"end":{"line":78,"column":47}},"33":{"start":{"line":79,"column":4},"end":{"line":79,"column":34}},"34":{"start":{"line":82,"column":37},"end":{"line":86,"column":1}}},"fnMap":{"0":{"name":"(anonymous_0)","decl":{"start":{"line":6,"column":20},"end":{"line":6,"column":21}},"loc":{"start":{"line":6,"column":39},"end":{"line":19,"column":1}},"line":6},"1":{"name":"(anonymous_1)","decl":{"start":{"line":21,"column":23},"end":{"line":21,"column":24}},"loc":{"start":{"line":21,"column":37},"end":{"line":27,"column":1}},"line":21},"2":{"name":"(anonymous_2)","decl":{"start":{"line":21,"column":37},"end":{"line":21,"column":38}},"loc":{"start":{"line":21,"column":49},"end":{"line":27,"column":1}},"line":21},"3":{"name":"(anonymous_3)","decl":{"start":{"line":29,"column":26},"end":{"line":29,"column":27}},"loc":{"start":{"line":29,"column":40},"end":{"line":31,"column":1}},"line":29},"4":{"name":"(anonymous_4)","decl":{"start":{"line":29,"column":40},"end":{"line":29,"column":41}},"loc":{"start":{"line":29,"column":46},"end":{"line":31,"column":1}},"line":29},"5":{"name":"(anonymous_5)","decl":{"start":{"line":34,"column":4},"end":{"line":34,"column":5}},"loc":{"start":{"line":35,"column":4},"end":{"line":52,"column":5}},"line":35},"6":{"name":"(anonymous_6)","decl":{"start":{"line":35,"column":4},"end":{"line":35,"column":5}},"loc":{"start":{"line":35,"column":35},"end":{"line":52,"column":5}},"line":35},"7":{"name":"(anonymous_7)","decl":{"start":{"line":55,"column":4},"end":{"line":55,"column":5}},"loc":{"start":{"line":56,"column":4},"end":{"line":74,"column":5}},"line":56},"8":{"name":"(anonymous_8)","decl":{"start":{"line":56,"column":4},"end":{"line":56,"column":5}},"loc":{"start":{"line":56,"column":35},"end":{"line":74,"column":5}},"line":56},"9":{"name":"(anonymous_9)","decl":{"start":{"line":76,"column":16},"end":{"line":76,"column":17}},"loc":{"start":{"line":76,"column":30},"end":{"line":80,"column":1}},"line":76},"10":{"name":"(anonymous_10)","decl":{"start":{"line":76,"column":30},"end":{"line":76,"column":31}},"loc":{"start":{"line":76,"column":42},"end":{"line":80,"column":1}},"line":76}},"branchMap":{"0":{"loc":{"start":{"line":7,"column":4},"end":{"line":18,"column":5}},"type":"switch","locations":[{"start":{"line":8,"column":8},"end":{"line":9,"column":62}},{"start":{"line":10,"column":8},"end":{"line":11,"column":73}},{"start":{"line":12,"column":8},"end":{"line":13,"column":50}},{"start":{"line":14,"column":8},"end":{"line":15,"column":63}},{"start":{"line":16,"column":8},"end":{"line":17,"column":25}}],"line":7},"1":{"loc":{"start":{"line":24,"column":4},"end":{"line":26,"column":5}},"type":"if","locations":[{"start":{"line":24,"column":4},"end":{"line":26,"column":5}},{"start":{},"end":{}}],"line":24}},"s":{"0":0,"1":0,"2":0,"3":0,"4":0,"5":0,"6":0,"7":0,"8":0,"9":0,"10":0,"11":0,"12":0,"13":0,"14":0,"15":0,"16":0,"17":0,"18":0,"19":0,"20":0,"21":0,"22":0,"23":0,"24":0,"25":0,"26":0,"27":0,"28":0,"29":0,"30":0,"31":0,"32":0,"33":0,"34":0},"f":{"0":0,"1":0,"2":0,"3":0,"4":0,"5":0,"6":0,"7":0,"8":0,"9":0,"10":0},"b":{"0":[0,0,0,0,0],"1":[0,0]}}
,"D:\\Gloversure\\React\\react-native-tutorial-apps\\tracks\\src\\context\\LocationContext.js": {"path":"D:\\Gloversure\\React\\react-native-tutorial-apps\\tracks\\src\\context\\LocationContext.js","statementMap":{"0":{"start":{"line":3,"column":24},"end":{"line":23,"column":1}},"1":{"start":{"line":4,"column":4},"end":{"line":22,"column":5}},"2":{"start":{"line":6,"column":12},"end":{"line":6,"column":65}},"3":{"start":{"line":8,"column":12},"end":{"line":8,"column":49}},"4":{"start":{"line":10,"column":12},"end":{"line":10,"column":50}},"5":{"start":{"line":12,"column":12},"end":{"line":12,"column":54}},"6":{"start":{"line":14,"column":12},"end":{"line":17,"column":14}},"7":{"start":{"line":19,"column":12},"end":{"line":19,"column":57}},"8":{"start":{"line":21,"column":12},"end":{"line":21,"column":25}},"9":{"start":{"line":25,"column":19},"end":{"line":27,"column":1}},"10":{"start":{"line":25,"column":33},"end":{"line":27,"column":1}},"11":{"start":{"line":26,"column":4},"end":{"line":26,"column":53}},"12":{"start":{"line":28,"column":23},"end":{"line":30,"column":1}},"13":{"start":{"line":28,"column":37},"end":{"line":30,"column":1}},"14":{"start":{"line":29,"column":4},"end":{"line":29,"column":42}},"15":{"start":{"line":31,"column":22},"end":{"line":33,"column":1}},"16":{"start":{"line":31,"column":36},"end":{"line":33,"column":1}},"17":{"start":{"line":32,"column":4},"end":{"line":32,"column":41}},"18":{"start":{"line":35,"column":20},"end":{"line":40,"column":1}},"19":{"start":{"line":35,"column":34},"end":{"line":40,"column":1}},"20":{"start":{"line":36,"column":4},"end":{"line":36,"column":66}},"21":{"start":{"line":37,"column":4},"end":{"line":39,"column":5}},"22":{"start":{"line":38,"column":8},"end":{"line":38,"column":62}},"23":{"start":{"line":41,"column":14},"end":{"line":43,"column":1}},"24":{"start":{"line":41,"column":28},"end":{"line":43,"column":1}},"25":{"start":{"line":42,"column":4},"end":{"line":42,"column":32}},"26":{"start":{"line":45,"column":37},"end":{"line":49,"column":1}}},"fnMap":{"0":{"name":"(anonymous_0)","decl":{"start":{"line":3,"column":24},"end":{"line":3,"column":25}},"loc":{"start":{"line":3,"column":43},"end":{"line":23,"column":1}},"line":3},"1":{"name":"(anonymous_1)","decl":{"start":{"line":25,"column":19},"end":{"line":25,"column":20}},"loc":{"start":{"line":25,"column":33},"end":{"line":27,"column":1}},"line":25},"2":{"name":"(anonymous_2)","decl":{"start":{"line":25,"column":33},"end":{"line":25,"column":34}},"loc":{"start":{"line":25,"column":43},"end":{"line":27,"column":1}},"line":25},"3":{"name":"(anonymous_3)","decl":{"start":{"line":28,"column":23},"end":{"line":28,"column":24}},"loc":{"start":{"line":28,"column":37},"end":{"line":30,"column":1}},"line":28},"4":{"name":"(anonymous_4)","decl":{"start":{"line":28,"column":37},"end":{"line":28,"column":38}},"loc":{"start":{"line":28,"column":43},"end":{"line":30,"column":1}},"line":28},"5":{"name":"(anonymous_5)","decl":{"start":{"line":31,"column":22},"end":{"line":31,"column":23}},"loc":{"start":{"line":31,"column":36},"end":{"line":33,"column":1}},"line":31},"6":{"name":"(anonymous_6)","decl":{"start":{"line":31,"column":36},"end":{"line":31,"column":37}},"loc":{"start":{"line":31,"column":42},"end":{"line":33,"column":1}},"line":31},"7":{"name":"(anonymous_7)","decl":{"start":{"line":35,"column":20},"end":{"line":35,"column":21}},"loc":{"start":{"line":35,"column":34},"end":{"line":40,"column":1}},"line":35},"8":{"name":"(anonymous_8)","decl":{"start":{"line":35,"column":34},"end":{"line":35,"column":35}},"loc":{"start":{"line":35,"column":59},"end":{"line":40,"column":1}},"line":35},"9":{"name":"(anonymous_9)","decl":{"start":{"line":41,"column":14},"end":{"line":41,"column":15}},"loc":{"start":{"line":41,"column":28},"end":{"line":43,"column":1}},"line":41},"10":{"name":"(anonymous_10)","decl":{"start":{"line":41,"column":28},"end":{"line":41,"column":29}},"loc":{"start":{"line":41,"column":34},"end":{"line":43,"column":1}},"line":41}},"branchMap":{"0":{"loc":{"start":{"line":4,"column":4},"end":{"line":22,"column":5}},"type":"switch","locations":[{"start":{"line":5,"column":8},"end":{"line":6,"column":65}},{"start":{"line":7,"column":8},"end":{"line":8,"column":49}},{"start":{"line":9,"column":8},"end":{"line":10,"column":50}},{"start":{"line":11,"column":8},"end":{"line":12,"column":54}},{"start":{"line":13,"column":8},"end":{"line":17,"column":14}},{"start":{"line":18,"column":8},"end":{"line":19,"column":57}},{"start":{"line":20,"column":8},"end":{"line":21,"column":25}}],"line":4},"1":{"loc":{"start":{"line":37,"column":4},"end":{"line":39,"column":5}},"type":"if","locations":[{"start":{"line":37,"column":4},"end":{"line":39,"column":5}},{"start":{},"end":{}}],"line":37}},"s":{"0":0,"1":0,"2":0,"3":0,"4":0,"5":0,"6":0,"7":0,"8":0,"9":0,"10":0,"11":0,"12":0,"13":0,"14":0,"15":0,"16":0,"17":0,"18":0,"19":0,"20":0,"21":0,"22":0,"23":0,"24":0,"25":0,"26":0},"f":{"0":0,"1":0,"2":0,"3":0,"4":0,"5":0,"6":0,"7":0,"8":0,"9":0,"10":0},"b":{"0":[0,0,0,0,0,0,0],"1":[0,0]}}
,"D:\\Gloversure\\React\\react-native-tutorial-apps\\tracks\\src\\context\\NetworkContext.tsx": {"path":"D:\\Gloversure\\React\\react-native-tutorial-apps\\tracks\\src\\context\\NetworkContext.tsx","statementMap":{"0":{"start":{"line":3,"column":23},"end":{"line":14,"column":1}},"1":{"start":{"line":4,"column":4},"end":{"line":13,"column":5}},"2":{"start":{"line":6,"column":12},"end":{"line":10,"column":14}},"3":{"start":{"line":12,"column":12},"end":{"line":12,"column":25}},"4":{"start":{"line":16,"column":23},"end":{"line":18,"column":1}},"5":{"start":{"line":16,"column":37},"end":{"line":18,"column":1}},"6":{"start":{"line":17,"column":4},"end":{"line":17,"column":78}},"7":{"start":{"line":20,"column":37},"end":{"line":24,"column":1}}},"fnMap":{"0":{"name":"(anonymous_0)","decl":{"start":{"line":3,"column":23},"end":{"line":3,"column":24}},"loc":{"start":{"line":3,"column":42},"end":{"line":14,"column":1}},"line":3},"1":{"name":"(anonymous_1)","decl":{"start":{"line":16,"column":23},"end":{"line":16,"column":24}},"loc":{"start":{"line":16,"column":37},"end":{"line":18,"column":1}},"line":16},"2":{"name":"(anonymous_2)","decl":{"start":{"line":16,"column":37},"end":{"line":16,"column":38}},"loc":{"start":{"line":16,"column":58},"end":{"line":18,"column":1}},"line":16}},"branchMap":{"0":{"loc":{"start":{"line":4,"column":4},"end":{"line":13,"column":5}},"type":"switch","locations":[{"start":{"line":5,"column":8},"end":{"line":10,"column":14}},{"start":{"line":11,"column":8},"end":{"line":12,"column":25}}],"line":4}},"s":{"0":0,"1":0,"2":0,"3":0,"4":0,"5":0,"6":0,"7":0},"f":{"0":0,"1":0,"2":0},"b":{"0":[0,0]}}
,"D:\\Gloversure\\React\\react-native-tutorial-apps\\tracks\\src\\context\\TrackContext.js": {"path":"D:\\Gloversure\\React\\react-native-tutorial-apps\\tracks\\src\\context\\TrackContext.js","statementMap":{"0":{"start":{"line":4,"column":21},"end":{"line":11,"column":1}},"1":{"start":{"line":5,"column":4},"end":{"line":10,"column":5}},"2":{"start":{"line":7,"column":12},"end":{"line":7,"column":34}},"3":{"start":{"line":9,"column":12},"end":{"line":9,"column":25}},"4":{"start":{"line":13,"column":20},"end":{"line":16,"column":1}},"5":{"start":{"line":13,"column":34},"end":{"line":16,"column":1}},"6":{"start":{"line":14,"column":21},"end":{"line":14,"column":52}},"7":{"start":{"line":15,"column":4},"end":{"line":15,"column":63}},"8":{"start":{"line":18,"column":20},"end":{"line":20,"column":1}},"9":{"start":{"line":18,"column":34},"end":{"line":20,"column":1}},"10":{"start":{"line":19,"column":4},"end":{"line":19,"column":58}},"11":{"start":{"line":22,"column":37},"end":{"line":26,"column":1}}},"fnMap":{"0":{"name":"(anonymous_0)","decl":{"start":{"line":4,"column":21},"end":{"line":4,"column":22}},"loc":{"start":{"line":4,"column":40},"end":{"line":11,"column":1}},"line":4},"1":{"name":"(anonymous_1)","decl":{"start":{"line":13,"column":20},"end":{"line":13,"column":21}},"loc":{"start":{"line":13,"column":34},"end":{"line":16,"column":1}},"line":13},"2":{"name":"(anonymous_2)","decl":{"start":{"line":13,"column":34},"end":{"line":13,"column":35}},"loc":{"start":{"line":13,"column":46},"end":{"line":16,"column":1}},"line":13},"3":{"name":"(anonymous_3)","decl":{"start":{"line":18,"column":20},"end":{"line":18,"column":21}},"loc":{"start":{"line":18,"column":34},"end":{"line":20,"column":1}},"line":18},"4":{"name":"(anonymous_4)","decl":{"start":{"line":18,"column":34},"end":{"line":18,"column":35}},"loc":{"start":{"line":18,"column":61},"end":{"line":20,"column":1}},"line":18}},"branchMap":{"0":{"loc":{"start":{"line":5,"column":4},"end":{"line":10,"column":5}},"type":"switch","locations":[{"start":{"line":6,"column":8},"end":{"line":7,"column":34}},{"start":{"line":8,"column":8},"end":{"line":9,"column":25}}],"line":5}},"s":{"0":0,"1":0,"2":0,"3":0,"4":0,"5":0,"6":0,"7":0,"8":0,"9":0,"10":0,"11":0},"f":{"0":0,"1":0,"2":0,"3":0,"4":0},"b":{"0":[0,0]}}
,"D:\\Gloversure\\React\\react-native-tutorial-apps\\tracks\\src\\context\\createDataContext.js": {"path":"D:\\Gloversure\\React\\react-native-tutorial-apps\\tracks\\src\\context\\createDataContext.js","statementMap":{"0":{"start":{"line":4,"column":20},"end":{"line":4,"column":41}},"1":{"start":{"line":6,"column":21},"end":{"line":19,"column":5}},"2":{"start":{"line":7,"column":34},"end":{"line":7,"column":67}},"3":{"start":{"line":9,"column":29},"end":{"line":9,"column":31}},"4":{"start":{"line":10,"column":8},"end":{"line":12,"column":9}},"5":{"start":{"line":11,"column":12},"end":{"line":11,"column":55}},"6":{"start":{"line":14,"column":8},"end":{"line":18,"column":10}},"7":{"start":{"line":21,"column":4},"end":{"line":21,"column":33}}},"fnMap":{"0":{"name":"(anonymous_0)","decl":{"start":{"line":3,"column":15},"end":{"line":3,"column":16}},"loc":{"start":{"line":3,"column":51},"end":{"line":22,"column":1}},"line":3},"1":{"name":"(anonymous_1)","decl":{"start":{"line":6,"column":21},"end":{"line":6,"column":22}},"loc":{"start":{"line":6,"column":39},"end":{"line":19,"column":5}},"line":6}},"branchMap":{},"s":{"0":0,"1":0,"2":0,"3":0,"4":0,"5":0,"6":0,"7":0},"f":{"0":0,"1":0},"b":{}}
,"D:\\Gloversure\\React\\react-native-tutorial-apps\\tracks\\src\\hooks\\useCacheAdd.tsx": {"path":"D:\\Gloversure\\React\\react-native-tutorial-apps\\tracks\\src\\hooks\\useCacheAdd.tsx","statementMap":{"0":{"start":{"line":4,"column":23},"end":{"line":19,"column":5}},"1":{"start":{"line":5,"column":8},"end":{"line":5,"column":36}},"2":{"start":{"line":6,"column":8},"end":{"line":18,"column":9}},"3":{"start":{"line":7,"column":31},"end":{"line":7,"column":72}},"4":{"start":{"line":8,"column":25},"end":{"line":8,"column":73}},"5":{"start":{"line":10,"column":12},"end":{"line":10,"column":31}},"6":{"start":{"line":11,"column":12},"end":{"line":11,"column":32}},"7":{"start":{"line":13,"column":31},"end":{"line":13,"column":53}},"8":{"start":{"line":14,"column":12},"end":{"line":14,"column":66}},"9":{"start":{"line":17,"column":12},"end":{"line":17,"column":44}},"10":{"start":{"line":21,"column":4},"end":{"line":21,"column":26}}},"fnMap":{"0":{"name":"(anonymous_0)","decl":{"start":{"line":3,"column":15},"end":{"line":3,"column":16}},"loc":{"start":{"line":3,"column":21},"end":{"line":22,"column":1}},"line":3},"1":{"name":"(anonymous_1)","decl":{"start":{"line":4,"column":23},"end":{"line":4,"column":24}},"loc":{"start":{"line":4,"column":40},"end":{"line":19,"column":5}},"line":4}},"branchMap":{"0":{"loc":{"start":{"line":8,"column":25},"end":{"line":8,"column":73}},"type":"cond-expr","locations":[{"start":{"line":8,"column":46},"end":{"line":8,"column":68}},{"start":{"line":8,"column":71},"end":{"line":8,"column":73}}],"line":8}},"s":{"0":0,"1":0,"2":0,"3":0,"4":0,"5":0,"6":0,"7":0,"8":0,"9":0,"10":0},"f":{"0":0,"1":0},"b":{"0":[0,0]}}
,"D:\\Gloversure\\React\\react-native-tutorial-apps\\tracks\\src\\hooks\\useCacheSubmit.tsx": {"path":"D:\\Gloversure\\React\\react-native-tutorial-apps\\tracks\\src\\hooks\\useCacheSubmit.tsx","statementMap":{"0":{"start":{"line":6,"column":37},"end":{"line":6,"column":61}},"1":{"start":{"line":8,"column":24},"end":{"line":47,"column":5}},"2":{"start":{"line":10,"column":8},"end":{"line":10,"column":36}},"3":{"start":{"line":11,"column":27},"end":{"line":11,"column":68}},"4":{"start":{"line":12,"column":21},"end":{"line":12,"column":71}},"5":{"start":{"line":13,"column":8},"end":{"line":46,"column":9}},"6":{"start":{"line":14,"column":12},"end":{"line":14,"column":74}},"7":{"start":{"line":15,"column":12},"end":{"line":45,"column":15}},"8":{"start":{"line":16,"column":16},"end":{"line":16,"column":54}},"9":{"start":{"line":18,"column":16},"end":{"line":44,"column":17}},"10":{"start":{"line":19,"column":32},"end":{"line":19,"column":56}},"11":{"start":{"line":20,"column":20},"end":{"line":20,"column":39}},"12":{"start":{"line":21,"column":20},"end":{"line":28,"column":21}},"13":{"start":{"line":22,"column":24},"end":{"line":22,"column":57}},"14":{"start":{"line":23,"column":24},"end":{"line":26,"column":26}},"15":{"start":{"line":27,"column":24},"end":{"line":27,"column":31}},"16":{"start":{"line":29,"column":20},"end":{"line":35,"column":26}},"17":{"start":{"line":30,"column":24},"end":{"line":30,"column":56}},"18":{"start":{"line":36,"column":20},"end":{"line":36,"column":41}},"19":{"start":{"line":38,"column":20},"end":{"line":38,"column":49}},"20":{"start":{"line":39,"column":20},"end":{"line":42,"column":22}},"21":{"start":{"line":43,"column":20},"end":{"line":43,"column":27}},"22":{"start":{"line":49,"column":4},"end":{"line":49,"column":27}}},"fnMap":{"0":{"name":"(anonymous_0)","decl":{"start":{"line":5,"column":15},"end":{"line":5,"column":16}},"loc":{"start":{"line":5,"column":21},"end":{"line":50,"column":1}},"line":5},"1":{"name":"(anonymous_1)","decl":{"start":{"line":8,"column":24},"end":{"line":8,"column":25}},"loc":{"start":{"line":8,"column":36},"end":{"line":47,"column":5}},"line":8},"2":{"name":"(anonymous_2)","decl":{"start":{"line":15,"column":27},"end":{"line":15,"column":28}},"loc":{"start":{"line":15,"column":44},"end":{"line":45,"column":13}},"line":15},"3":{"name":"(anonymous_3)","decl":{"start":{"line":29,"column":44},"end":{"line":29,"column":45}},"loc":{"start":{"line":29,"column":54},"end":{"line":31,"column":21}},"line":29}},"branchMap":{"0":{"loc":{"start":{"line":12,"column":21},"end":{"line":12,"column":71}},"type":"cond-expr","locations":[{"start":{"line":12,"column":42},"end":{"line":12,"column":64}},{"start":{"line":12,"column":67},"end":{"line":12,"column":71}}],"line":12},"1":{"loc":{"start":{"line":13,"column":8},"end":{"line":46,"column":9}},"type":"if","locations":[{"start":{"line":13,"column":8},"end":{"line":46,"column":9}},{"start":{},"end":{}}],"line":13},"2":{"loc":{"start":{"line":21,"column":20},"end":{"line":28,"column":21}},"type":"if","locations":[{"start":{"line":21,"column":20},"end":{"line":28,"column":21}},{"start":{},"end":{}}],"line":21},"3":{"loc":{"start":{"line":21,"column":24},"end":{"line":21,"column":47}},"type":"binary-expr","locations":[{"start":{"line":21,"column":24},"end":{"line":21,"column":29}},{"start":{"line":21,"column":33},"end":{"line":21,"column":47}}],"line":21}},"s":{"0":0,"1":0,"2":0,"3":0,"4":0,"5":0,"6":0,"7":0,"8":0,"9":0,"10":0,"11":0,"12":0,"13":0,"14":0,"15":0,"16":0,"17":0,"18":0,"19":0,"20":0,"21":0,"22":0},"f":{"0":0,"1":0,"2":0,"3":0},"b":{"0":[0,0],"1":[0,0],"2":[0,0],"3":[0,0]}}
,"D:\\Gloversure\\React\\react-native-tutorial-apps\\tracks\\src\\hooks\\useEmail.tsx": {"path":"D:\\Gloversure\\React\\react-native-tutorial-apps\\tracks\\src\\hooks\\useEmail.tsx","statementMap":{"0":{"start":{"line":5,"column":24},"end":{"line":36,"column":5}},"1":{"start":{"line":6,"column":26},"end":{"line":6,"column":63}},"2":{"start":{"line":7,"column":8},"end":{"line":14,"column":9}},"3":{"start":{"line":8,"column":12},"end":{"line":12,"column":14}},"4":{"start":{"line":11,"column":46},"end":{"line":11,"column":71}},"5":{"start":{"line":13,"column":12},"end":{"line":13,"column":19}},"6":{"start":{"line":16,"column":26},"end":{"line":16,"column":28}},"7":{"start":{"line":17,"column":8},"end":{"line":19,"column":9}},"8":{"start":{"line":18,"column":12},"end":{"line":18,"column":47}},"9":{"start":{"line":20,"column":8},"end":{"line":23,"column":9}},"10":{"start":{"line":21,"column":12},"end":{"line":21,"column":49}},"11":{"start":{"line":22,"column":12},"end":{"line":22,"column":61}},"12":{"start":{"line":24,"column":8},"end":{"line":26,"column":9}},"13":{"start":{"line":25,"column":12},"end":{"line":25,"column":31}},"14":{"start":{"line":28,"column":8},"end":{"line":28,"column":33}},"15":{"start":{"line":30,"column":8},"end":{"line":35,"column":11}},"16":{"start":{"line":38,"column":4},"end":{"line":38,"column":27}}},"fnMap":{"0":{"name":"(anonymous_0)","decl":{"start":{"line":4,"column":15},"end":{"line":4,"column":16}},"loc":{"start":{"line":4,"column":21},"end":{"line":39,"column":1}},"line":4},"1":{"name":"(anonymous_1)","decl":{"start":{"line":5,"column":24},"end":{"line":5,"column":25}},"loc":{"start":{"line":5,"column":43},"end":{"line":36,"column":5}},"line":5},"2":{"name":"(anonymous_2)","decl":{"start":{"line":11,"column":40},"end":{"line":11,"column":41}},"loc":{"start":{"line":11,"column":46},"end":{"line":11,"column":71}},"line":11}},"branchMap":{"0":{"loc":{"start":{"line":7,"column":8},"end":{"line":14,"column":9}},"type":"if","locations":[{"start":{"line":7,"column":8},"end":{"line":14,"column":9}},{"start":{},"end":{}}],"line":7},"1":{"loc":{"start":{"line":17,"column":8},"end":{"line":19,"column":9}},"type":"if","locations":[{"start":{"line":17,"column":8},"end":{"line":19,"column":9}},{"start":{},"end":{}}],"line":17},"2":{"loc":{"start":{"line":20,"column":8},"end":{"line":23,"column":9}},"type":"if","locations":[{"start":{"line":20,"column":8},"end":{"line":23,"column":9}},{"start":{},"end":{}}],"line":20},"3":{"loc":{"start":{"line":24,"column":8},"end":{"line":26,"column":9}},"type":"if","locations":[{"start":{"line":24,"column":8},"end":{"line":26,"column":9}},{"start":{},"end":{}}],"line":24}},"s":{"0":2,"1":0,"2":0,"3":0,"4":0,"5":0,"6":0,"7":0,"8":0,"9":0,"10":0,"11":0,"12":0,"13":0,"14":0,"15":0,"16":2},"f":{"0":2,"1":0,"2":0},"b":{"0":[0,0],"1":[0,0],"2":[0,0],"3":[0,0]},"_coverageSchema":"1a1c01bbd47fc00a2c39e90264f33305004495a9","hash":"6a27247d73701d0113a2108e4f77097daf8fe931"}
,"D:\\Gloversure\\React\\react-native-tutorial-apps\\tracks\\src\\hooks\\useLocation.js": {"path":"D:\\Gloversure\\React\\react-native-tutorial-apps\\tracks\\src\\hooks\\useLocation.js","statementMap":{"0":{"start":{"line":9,"column":26},"end":{"line":9,"column":40}},"1":{"start":{"line":11,"column":4},"end":{"line":48,"column":32}},"2":{"start":{"line":14,"column":30},"end":{"line":33,"column":9}},"3":{"start":{"line":15,"column":12},"end":{"line":32,"column":13}},"4":{"start":{"line":16,"column":36},"end":{"line":16,"column":77}},"5":{"start":{"line":17,"column":16},"end":{"line":19,"column":17}},"6":{"start":{"line":18,"column":20},"end":{"line":18,"column":71}},"7":{"start":{"line":20,"column":16},"end":{"line":29,"column":18}},"8":{"start":{"line":27,"column":24},"end":{"line":27,"column":43}},"9":{"start":{"line":31,"column":16},"end":{"line":31,"column":26}},"10":{"start":{"line":34,"column":8},"end":{"line":41,"column":9}},"11":{"start":{"line":35,"column":12},"end":{"line":35,"column":28}},"12":{"start":{"line":37,"column":12},"end":{"line":40,"column":13}},"13":{"start":{"line":38,"column":16},"end":{"line":38,"column":36}},"14":{"start":{"line":39,"column":16},"end":{"line":39,"column":34}},"15":{"start":{"line":43,"column":8},"end":{"line":47,"column":10}},"16":{"start":{"line":44,"column":12},"end":{"line":46,"column":13}},"17":{"start":{"line":45,"column":16},"end":{"line":45,"column":36}},"18":{"start":{"line":50,"column":4},"end":{"line":50,"column":17}}},"fnMap":{"0":{"name":"(anonymous_0)","decl":{"start":{"line":8,"column":15},"end":{"line":8,"column":16}},"loc":{"start":{"line":8,"column":42},"end":{"line":51,"column":1}},"line":8},"1":{"name":"(anonymous_1)","decl":{"start":{"line":11,"column":14},"end":{"line":11,"column":15}},"loc":{"start":{"line":11,"column":20},"end":{"line":48,"column":5}},"line":11},"2":{"name":"(anonymous_2)","decl":{"start":{"line":14,"column":30},"end":{"line":14,"column":31}},"loc":{"start":{"line":14,"column":42},"end":{"line":33,"column":9}},"line":14},"3":{"name":"(anonymous_3)","decl":{"start":{"line":26,"column":20},"end":{"line":26,"column":21}},"loc":{"start":{"line":26,"column":34},"end":{"line":28,"column":21}},"line":26},"4":{"name":"(anonymous_4)","decl":{"start":{"line":43,"column":15},"end":{"line":43,"column":16}},"loc":{"start":{"line":43,"column":21},"end":{"line":47,"column":9}},"line":43}},"branchMap":{"0":{"loc":{"start":{"line":17,"column":16},"end":{"line":19,"column":17}},"type":"if","locations":[{"start":{"line":17,"column":16},"end":{"line":19,"column":17}},{"start":{},"end":{}}],"line":17},"1":{"loc":{"start":{"line":34,"column":8},"end":{"line":41,"column":9}},"type":"if","locations":[{"start":{"line":34,"column":8},"end":{"line":41,"column":9}},{"start":{"line":36,"column":15},"end":{"line":41,"column":9}}],"line":34},"2":{"loc":{"start":{"line":37,"column":12},"end":{"line":40,"column":13}},"type":"if","locations":[{"start":{"line":37,"column":12},"end":{"line":40,"column":13}},{"start":{},"end":{}}],"line":37},"3":{"loc":{"start":{"line":44,"column":12},"end":{"line":46,"column":13}},"type":"if","locations":[{"start":{"line":44,"column":12},"end":{"line":46,"column":13}},{"start":{},"end":{}}],"line":44}},"s":{"0":0,"1":0,"2":0,"3":0,"4":0,"5":0,"6":0,"7":0,"8":0,"9":0,"10":0,"11":0,"12":0,"13":0,"14":0,"15":0,"16":0,"17":0,"18":0},"f":{"0":0,"1":0,"2":0,"3":0,"4":0},"b":{"0":[0,0],"1":[0,0],"2":[0,0],"3":[0,0]}}
,"D:\\Gloversure\\React\\react-native-tutorial-apps\\tracks\\src\\hooks\\useNetwork.tsx": {"path":"D:\\Gloversure\\React\\react-native-tutorial-apps\\tracks\\src\\hooks\\useNetwork.tsx","statementMap":{"0":{"start":{"line":8,"column":21},"end":{"line":8,"column":34}},"1":{"start":{"line":10,"column":4},"end":{"line":23,"column":11}},"2":{"start":{"line":11,"column":31},"end":{"line":20,"column":10}},"3":{"start":{"line":12,"column":12},"end":{"line":12,"column":55}},"4":{"start":{"line":13,"column":12},"end":{"line":13,"column":60}},"5":{"start":{"line":14,"column":12},"end":{"line":19,"column":14}},"6":{"start":{"line":22,"column":8},"end":{"line":22,"column":30}}},"fnMap":{"0":{"name":"(anonymous_0)","decl":{"start":{"line":7,"column":15},"end":{"line":7,"column":16}},"loc":{"start":{"line":7,"column":21},"end":{"line":24,"column":1}},"line":7},"1":{"name":"(anonymous_1)","decl":{"start":{"line":10,"column":14},"end":{"line":10,"column":15}},"loc":{"start":{"line":10,"column":20},"end":{"line":23,"column":5}},"line":10},"2":{"name":"(anonymous_2)","decl":{"start":{"line":11,"column":56},"end":{"line":11,"column":57}},"loc":{"start":{"line":11,"column":67},"end":{"line":20,"column":9}},"line":11}},"branchMap":{},"s":{"0":0,"1":0,"2":0,"3":0,"4":0,"5":0,"6":0},"f":{"0":0,"1":0,"2":0},"b":{}}
,"D:\\Gloversure\\React\\react-native-tutorial-apps\\tracks\\src\\hooks\\useSaveTrack.js": {"path":"D:\\Gloversure\\React\\react-native-tutorial-apps\\tracks\\src\\hooks\\useSaveTrack.js","statementMap":{"0":{"start":{"line":9,"column":37},"end":{"line":9,"column":61}},"1":{"start":{"line":10,"column":23},"end":{"line":10,"column":38}},"2":{"start":{"line":11,"column":21},"end":{"line":11,"column":34}},"3":{"start":{"line":12,"column":26},"end":{"line":12,"column":64}},"4":{"start":{"line":12,"column":49},"end":{"line":12,"column":63}},"5":{"start":{"line":13,"column":27},"end":{"line":13,"column":40}},"6":{"start":{"line":15,"column":23},"end":{"line":21,"column":5}},"7":{"start":{"line":16,"column":8},"end":{"line":20,"column":10}},"8":{"start":{"line":19,"column":42},"end":{"line":19,"column":67}},"9":{"start":{"line":23,"column":22},"end":{"line":43,"column":5}},"10":{"start":{"line":24,"column":22},"end":{"line":27,"column":9}},"11":{"start":{"line":29,"column":8},"end":{"line":42,"column":9}},"12":{"start":{"line":30,"column":24},"end":{"line":30,"column":48}},"13":{"start":{"line":31,"column":12},"end":{"line":31,"column":36}},"14":{"start":{"line":32,"column":12},"end":{"line":32,"column":30}},"15":{"start":{"line":33,"column":12},"end":{"line":37,"column":13}},"16":{"start":{"line":34,"column":16},"end":{"line":34,"column":49}},"17":{"start":{"line":35,"column":16},"end":{"line":35,"column":59}},"18":{"start":{"line":35,"column":45},"end":{"line":35,"column":57}},"19":{"start":{"line":36,"column":16},"end":{"line":36,"column":23}},"20":{"start":{"line":38,"column":12},"end":{"line":38,"column":45}},"21":{"start":{"line":40,"column":12},"end":{"line":40,"column":41}},"22":{"start":{"line":41,"column":12},"end":{"line":41,"column":55}},"23":{"start":{"line":41,"column":41},"end":{"line":41,"column":53}},"24":{"start":{"line":45,"column":4},"end":{"line":45,"column":23}}},"fnMap":{"0":{"name":"(anonymous_0)","decl":{"start":{"line":8,"column":15},"end":{"line":8,"column":16}},"loc":{"start":{"line":8,"column":21},"end":{"line":46,"column":1}},"line":8},"1":{"name":"(anonymous_1)","decl":{"start":{"line":12,"column":38},"end":{"line":12,"column":39}},"loc":{"start":{"line":12,"column":49},"end":{"line":12,"column":63}},"line":12},"2":{"name":"(anonymous_2)","decl":{"start":{"line":15,"column":23},"end":{"line":15,"column":24}},"loc":{"start":{"line":15,"column":29},"end":{"line":21,"column":5}},"line":15},"3":{"name":"(anonymous_3)","decl":{"start":{"line":19,"column":36},"end":{"line":19,"column":37}},"loc":{"start":{"line":19,"column":42},"end":{"line":19,"column":67}},"line":19},"4":{"name":"(anonymous_4)","decl":{"start":{"line":23,"column":22},"end":{"line":23,"column":23}},"loc":{"start":{"line":23,"column":34},"end":{"line":43,"column":5}},"line":23},"5":{"name":"(anonymous_5)","decl":{"start":{"line":35,"column":39},"end":{"line":35,"column":40}},"loc":{"start":{"line":35,"column":45},"end":{"line":35,"column":57}},"line":35},"6":{"name":"(anonymous_6)","decl":{"start":{"line":41,"column":35},"end":{"line":41,"column":36}},"loc":{"start":{"line":41,"column":41},"end":{"line":41,"column":53}},"line":41}},"branchMap":{"0":{"loc":{"start":{"line":33,"column":12},"end":{"line":37,"column":13}},"type":"if","locations":[{"start":{"line":33,"column":12},"end":{"line":37,"column":13}},{"start":{},"end":{}}],"line":33},"1":{"loc":{"start":{"line":33,"column":16},"end":{"line":33,"column":34}},"type":"binary-expr","locations":[{"start":{"line":33,"column":16},"end":{"line":33,"column":21}},{"start":{"line":33,"column":25},"end":{"line":33,"column":34}}],"line":33}},"s":{"0":0,"1":0,"2":0,"3":0,"4":0,"5":0,"6":0,"7":0,"8":0,"9":0,"10":0,"11":0,"12":0,"13":0,"14":0,"15":0,"16":0,"17":0,"18":0,"19":0,"20":0,"21":0,"22":0,"23":0,"24":0},"f":{"0":0,"1":0,"2":0,"3":0,"4":0,"5":0,"6":0},"b":{"0":[0,0],"1":[0,0]}}
,"D:\\Gloversure\\React\\react-native-tutorial-apps\\tracks\\src\\screens\\AccountScreen.js": {"path":"D:\\Gloversure\\React\\react-native-tutorial-apps\\tracks\\src\\screens\\AccountScreen.js","statementMap":{"0":{"start":{"line":12,"column":22},"end":{"line":80,"column":1}},"1":{"start":{"line":13,"column":21},"end":{"line":13,"column":34}},"2":{"start":{"line":14,"column":19},"end":{"line":14,"column":38}},"3":{"start":{"line":15,"column":28},"end":{"line":15,"column":44}},"4":{"start":{"line":16,"column":27},"end":{"line":16,"column":40}},"5":{"start":{"line":18,"column":4},"end":{"line":55,"column":21}},"6":{"start":{"line":19,"column":28},"end":{"line":53,"column":10}},"7":{"start":{"line":20,"column":12},"end":{"line":50,"column":14}},"8":{"start":{"line":52,"column":12},"end":{"line":52,"column":26}},"9":{"start":{"line":54,"column":8},"end":{"line":54,"column":27}},"10":{"start":{"line":57,"column":4},"end":{"line":79,"column":6}},"11":{"start":{"line":72,"column":35},"end":{"line":72,"column":66}},"12":{"start":{"line":76,"column":56},"end":{"line":76,"column":75}},"13":{"start":{"line":82,"column":15},"end":{"line":86,"column":2}}},"fnMap":{"0":{"name":"(anonymous_0)","decl":{"start":{"line":12,"column":22},"end":{"line":12,"column":23}},"loc":{"start":{"line":12,"column":42},"end":{"line":80,"column":1}},"line":12},"1":{"name":"(anonymous_1)","decl":{"start":{"line":18,"column":14},"end":{"line":18,"column":15}},"loc":{"start":{"line":18,"column":20},"end":{"line":55,"column":5}},"line":18},"2":{"name":"(anonymous_2)","decl":{"start":{"line":19,"column":60},"end":{"line":19,"column":61}},"loc":{"start":{"line":19,"column":66},"end":{"line":53,"column":9}},"line":19},"3":{"name":"(anonymous_3)","decl":{"start":{"line":72,"column":29},"end":{"line":72,"column":30}},"loc":{"start":{"line":72,"column":35},"end":{"line":72,"column":66}},"line":72},"4":{"name":"(anonymous_4)","decl":{"start":{"line":76,"column":50},"end":{"line":76,"column":51}},"loc":{"start":{"line":76,"column":56},"end":{"line":76,"column":75}},"line":76}},"branchMap":{},"s":{"0":0,"1":0,"2":0,"3":0,"4":0,"5":0,"6":0,"7":0,"8":0,"9":0,"10":0,"11":0,"12":0,"13":0},"f":{"0":0,"1":0,"2":0,"3":0,"4":0},"b":{}}
,"D:\\Gloversure\\React\\react-native-tutorial-apps\\tracks\\src\\screens\\ResolveAuthScreen.js": {"path":"D:\\Gloversure\\React\\react-native-tutorial-apps\\tracks\\src\\screens\\ResolveAuthScreen.js","statementMap":{"0":{"start":{"line":19,"column":12},"end":{"line":19,"column":38}},"1":{"start":{"line":20,"column":18},"end":{"line":20,"column":40}},"2":{"start":{"line":21,"column":23},"end":{"line":21,"column":45}},"3":{"start":{"line":22,"column":21},"end":{"line":22,"column":43}},"4":{"start":{"line":24,"column":26},"end":{"line":132,"column":1}},"5":{"start":{"line":25,"column":21},"end":{"line":25,"column":34}},"6":{"start":{"line":26,"column":22},"end":{"line":26,"column":56}},"7":{"start":{"line":26,"column":45},"end":{"line":26,"column":55}},"8":{"start":{"line":28,"column":4},"end":{"line":30,"column":16}},"9":{"start":{"line":29,"column":8},"end":{"line":29,"column":35}},"10":{"start":{"line":32,"column":33},"end":{"line":52,"column":5}},"11":{"start":{"line":33,"column":8},"end":{"line":51,"column":10}},"12":{"start":{"line":54,"column":31},"end":{"line":72,"column":5}},"13":{"start":{"line":55,"column":8},"end":{"line":71,"column":10}},"14":{"start":{"line":74,"column":4},"end":{"line":131,"column":6}},"15":{"start":{"line":92,"column":32},"end":{"line":92,"column":80}},"16":{"start":{"line":102,"column":32},"end":{"line":102,"column":77}},"17":{"start":{"line":112,"column":32},"end":{"line":112,"column":77}}},"fnMap":{"0":{"name":"(anonymous_0)","decl":{"start":{"line":24,"column":26},"end":{"line":24,"column":27}},"loc":{"start":{"line":24,"column":32},"end":{"line":132,"column":1}},"line":24},"1":{"name":"(anonymous_1)","decl":{"start":{"line":26,"column":34},"end":{"line":26,"column":35}},"loc":{"start":{"line":26,"column":45},"end":{"line":26,"column":55}},"line":26},"2":{"name":"(anonymous_2)","decl":{"start":{"line":28,"column":14},"end":{"line":28,"column":15}},"loc":{"start":{"line":28,"column":20},"end":{"line":30,"column":5}},"line":28},"3":{"name":"(anonymous_3)","decl":{"start":{"line":32,"column":33},"end":{"line":32,"column":34}},"loc":{"start":{"line":32,"column":39},"end":{"line":52,"column":5}},"line":32},"4":{"name":"(anonymous_4)","decl":{"start":{"line":54,"column":31},"end":{"line":54,"column":32}},"loc":{"start":{"line":54,"column":37},"end":{"line":72,"column":5}},"line":54},"5":{"name":"(anonymous_5)","decl":{"start":{"line":91,"column":40},"end":{"line":91,"column":41}},"loc":{"start":{"line":91,"column":46},"end":{"line":93,"column":29}},"line":91},"6":{"name":"(anonymous_6)","decl":{"start":{"line":101,"column":40},"end":{"line":101,"column":41}},"loc":{"start":{"line":101,"column":46},"end":{"line":103,"column":29}},"line":101},"7":{"name":"(anonymous_7)","decl":{"start":{"line":111,"column":40},"end":{"line":111,"column":41}},"loc":{"start":{"line":111,"column":46},"end":{"line":113,"column":29}},"line":111}},"branchMap":{"0":{"loc":{"start":{"line":77,"column":13},"end":{"line":129,"column":13}},"type":"cond-expr","locations":[{"start":{"line":78,"column":16},"end":{"line":116,"column":32}},{"start":{"line":118,"column":16},"end":{"line":128,"column":38}}],"line":77}},"s":{"0":0,"1":0,"2":0,"3":0,"4":0,"5":0,"6":0,"7":0,"8":0,"9":0,"10":0,"11":0,"12":0,"13":0,"14":0,"15":0,"16":0,"17":0},"f":{"0":0,"1":0,"2":0,"3":0,"4":0,"5":0,"6":0,"7":0},"b":{"0":[0,0]}}
[...]
,"D:\\Gloversure\\React\\react-native-tutorial-apps\\tracks\\src\\screens\\TrackDetailScreen.js": {"path":"D:\\Gloversure\\React\\react-native-tutorial-apps\\tracks\\src\\screens\\TrackDetailScreen.js","statementMap":{"0":{"start":{"line":8,"column":26},"end":{"line":56,"column":1}},"1":{"start":{"line":9,"column":40},"end":{"line":9,"column":61}},"2":{"start":{"line":10,"column":16},"end":{"line":10,"column":32}},"3":{"start":{"line":11,"column":19},"end":{"line":11,"column":38}},"4":{"start":{"line":13,"column":18},"end":{"line":13,"column":49}},"5":{"start":{"line":13,"column":35},"end":{"line":13,"column":48}},"6":{"start":{"line":14,"column":26},"end":{"line":14,"column":51}},"7":{"start":{"line":17,"column":4},"end":{"line":42,"column":5}},"8":{"start":{"line":18,"column":8},"end":{"line":18,"column":80}},"9":{"start":{"line":19,"column":11},"end":{"line":42,"column":5}},"10":{"start":{"line":20,"column":8},"end":{"line":20,"column":27}},"11":{"start":{"line":21,"column":8},"end":{"line":21,"column":52}},"12":{"start":{"line":23,"column":8},"end":{"line":41,"column":10}},"13":{"start":{"line":37,"column":66},"end":{"line":37,"column":76}},"14":{"start":{"line":44,"column":4},"end":{"line":55,"column":6}},"15":{"start":{"line":58,"column":15},"end":{"line":66,"column":2}}},"fnMap":{"0":{"name":"(anonymous_0)","decl":{"start":{"line":8,"column":26},"end":{"line":8,"column":27}},"loc":{"start":{"line":8,"column":53},"end":{"line":56,"column":1}},"line":8},"1":{"name":"(anonymous_1)","decl":{"start":{"line":13,"column":28},"end":{"line":13,"column":29}},"loc":{"start":{"line":13,"column":35},"end":{"line":13,"column":48}},"line":13},"2":{"name":"(anonymous_2)","decl":{"start":{"line":37,"column":57},"end":{"line":37,"column":58}},"loc":{"start":{"line":37,"column":66},"end":{"line":37,"column":76}},"line":37}},"branchMap":{"0":{"loc":{"start":{"line":17,"column":4},"end":{"line":42,"column":5}},"type":"if","locations":[{"start":{"line":17,"column":4},"end":{"line":42,"column":5}},{"start":{"line":19,"column":11},"end":{"line":42,"column":5}}],"line":17},"1":{"loc":{"start":{"line":19,"column":11},"end":{"line":42,"column":5}},"type":"if","locations":[{"start":{"line":19,"column":11},"end":{"line":42,"column":5}},{"start":{"line":22,"column":11},"end":{"line":42,"column":5}}],"line":19}},"s":{"0":0,"1":0,"2":0,"3":0,"4":0,"5":0,"6":0,"7":0,"8":0,"9":0,"10":0,"11":0,"12":0,"13":0,"14":0,"15":0},"f":{"0":0,"1":0,"2":0},"b":{"0":[0,0],"1":[0,0]}}
,"D:\\Gloversure\\React\\react-native-tutorial-apps\\tracks\\src\\screens\\TrackListScreen.js": {"path":"D:\\Gloversure\\React\\react-native-tutorial-apps\\tracks\\src\\screens\\TrackListScreen.js","statementMap":{"0":{"start":{"line":19,"column":24},"end":{"line":110,"column":1}},"1":{"start":{"line":20,"column":49},"end":{"line":20,"column":70}},"2":{"start":{"line":21,"column":28},"end":{"line":21,"column":44}},"3":{"start":{"line":22,"column":21},"end":{"line":22,"column":34}},"4":{"start":{"line":23,"column":19},"end":{"line":23,"column":38}},"5":{"start":{"line":24,"column":25},"end":{"line":24,"column":62}},"6":{"start":{"line":24,"column":48},"end":{"line":24,"column":61}},"7":{"start":{"line":28,"column":22},"end":{"line":30,"column":10}},"8":{"start":{"line":29,"column":8},"end":{"line":29,"column":18}},"9":{"start":{"line":32,"column":4},"end":{"line":49,"column":21}},"10":{"start":{"line":33,"column":28},"end":{"line":36,"column":10}},"11":{"start":{"line":34,"column":12},"end":{"line":34,"column":26}},"12":{"start":{"line":35,"column":12},"end":{"line":35,"column":22}},"13":{"start":{"line":48,"column":8},"end":{"line":48,"column":27}},"14":{"start":{"line":52,"column":4},"end":{"line":95,"column":5}},"15":{"start":{"line":53,"column":8},"end":{"line":53,"column":80}},"16":{"start":{"line":54,"column":11},"end":{"line":95,"column":5}},"17":{"start":{"line":55,"column":8},"end":{"line":55,"column":27}},"18":{"start":{"line":56,"column":8},"end":{"line":56,"column":52}},"19":{"start":{"line":58,"column":8},"end":{"line":94,"column":10}},"20":{"start":{"line":71,"column":44},"end":{"line":71,"column":52}},"21":{"start":{"line":73,"column":24},"end":{"line":90,"column":26}},"22":{"start":{"line":76,"column":36},"end":{"line":78,"column":38}},"23":{"start":{"line":97,"column":4},"end":{"line":109,"column":6}},"24":{"start":{"line":112,"column":14},"end":{"line":112,"column":39}},"25":{"start":{"line":114,"column":15},"end":{"line":119,"column":2}}},"fnMap":{"0":{"name":"(anonymous_0)","decl":{"start":{"line":19,"column":24},"end":{"line":19,"column":25}},"loc":{"start":{"line":19,"column":44},"end":{"line":110,"column":1}},"line":19},"1":{"name":"(anonymous_1)","decl":{"start":{"line":24,"column":37},"end":{"line":24,"column":38}},"loc":{"start":{"line":24,"column":48},"end":{"line":24,"column":61}},"line":24},"2":{"name":"(anonymous_2)","decl":{"start":{"line":28,"column":40},"end":{"line":28,"column":41}},"loc":{"start":{"line":28,"column":46},"end":{"line":30,"column":5}},"line":28},"3":{"name":"(anonymous_3)","decl":{"start":{"line":32,"column":14},"end":{"line":32,"column":15}},"loc":{"start":{"line":32,"column":20},"end":{"line":49,"column":5}},"line":32},"4":{"name":"(anonymous_4)","decl":{"start":{"line":33,"column":60},"end":{"line":33,"column":61}},"loc":{"start":{"line":33,"column":66},"end":{"line":36,"column":9}},"line":33},"5":{"name":"(anonymous_5)","decl":{"start":{"line":71,"column":34},"end":{"line":71,"column":35}},"loc":{"start":{"line":71,"column":44},"end":{"line":71,"column":52}},"line":71},"6":{"name":"(anonymous_6)","decl":{"start":{"line":72,"column":32},"end":{"line":72,"column":33}},"loc":{"start":{"line":72,"column":46},"end":{"line":91,"column":21}},"line":72},"7":{"name":"(anonymous_7)","decl":{"start":{"line":75,"column":41},"end":{"line":75,"column":42}},"loc":{"start":{"line":76,"column":36},"end":{"line":78,"column":38}},"line":76}},"branchMap":{"0":{"loc":{"start":{"line":52,"column":4},"end":{"line":95,"column":5}},"type":"if","locations":[{"start":{"line":52,"column":4},"end":{"line":95,"column":5}},{"start":{"line":54,"column":11},"end":{"line":95,"column":5}}],"line":52},"1":{"loc":{"start":{"line":54,"column":11},"end":{"line":95,"column":5}},"type":"if","locations":[{"start":{"line":54,"column":11},"end":{"line":95,"column":5}},{"start":{"line":57,"column":11},"end":{"line":95,"column":5}}],"line":54}},"s":{"0":0,"1":0,"2":0,"3":0,"4":0,"5":0,"6":0,"7":0,"8":0,"9":0,"10":0,"11":0,"12":0,"13":0,"14":0,"15":0,"16":0,"17":0,"18":0,"19":0,"20":0,"21":0,"22":0,"23":0,"24":0,"25":0},"f":{"0":0,"1":0,"2":0,"3":0,"4":0,"5":0,"6":0,"7":0},"b":{"0":[0,0],"1":[0,0]}}
,"D:\\Gloversure\\React\\react-native-tutorial-apps\\tracks\\src\\store\\store.tsx": {"path":"D:\\Gloversure\\React\\react-native-tutorial-apps\\tracks\\src\\store\\store.tsx","statementMap":{"0":{"start":{"line":8,"column":21},"end":{"line":17,"column":2}},"1":{"start":{"line":16,"column":8},"end":{"line":16,"column":53}},"2":{"start":{"line":19,"column":0},"end":{"line":19,"column":31}}},"fnMap":{"0":{"name":"(anonymous_0)","decl":{"start":{"line":15,"column":16},"end":{"line":15,"column":17}},"loc":{"start":{"line":16,"column":8},"end":{"line":16,"column":53}},"line":16}},"branchMap":{},"s":{"0":0,"1":0,"2":0},"f":{"0":0},"b":{}}
,"D:\\Gloversure\\React\\react-native-tutorial-apps\\tracks\\src\\store\\apis\\api.tsx": {"path":"D:\\Gloversure\\React\\react-native-tutorial-apps\\tracks\\src\\store\\apis\\api.tsx","statementMap":{"0":{"start":{"line":7,"column":19},"end":{"line":22,"column":2}},"1":{"start":{"line":12,"column":26},"end":{"line":12,"column":65}},"2":{"start":{"line":13,"column":12},"end":{"line":15,"column":13}},"3":{"start":{"line":14,"column":16},"end":{"line":14,"column":64}},"4":{"start":{"line":16,"column":12},"end":{"line":16,"column":27}},"5":{"start":{"line":21,"column":22},"end":{"line":21,"column":24}}},"fnMap":{"0":{"name":"(anonymous_0)","decl":{"start":{"line":11,"column":24},"end":{"line":11,"column":25}},"loc":{"start":{"line":11,"column":50},"end":{"line":17,"column":9}},"line":11},"1":{"name":"(anonymous_1)","decl":{"start":{"line":21,"column":15},"end":{"line":21,"column":16}},"loc":{"start":{"line":21,"column":22},"end":{"line":21,"column":24}},"line":21}},"branchMap":{"0":{"loc":{"start":{"line":13,"column":12},"end":{"line":15,"column":13}},"type":"if","locations":[{"start":{"line":13,"column":12},"end":{"line":15,"column":13}},{"start":{},"end":{}}],"line":13}},"s":{"0":0,"1":0,"2":0,"3":0,"4":0,"5":0},"f":{"0":0,"1":0},"b":{"0":[0,0]}}
,"D:\\Gloversure\\React\\react-native-tutorial-apps\\tracks\\src\\store\\apis\\authApi.tsx": {"path":"D:\\Gloversure\\React\\react-native-tutorial-apps\\tracks\\src\\store\\apis\\authApi.tsx","statementMap":{"0":{"start":{"line":3,"column":23},"end":{"line":32,"column":2}},"1":{"start":{"line":5,"column":8},"end":{"line":30,"column":10}},"2":{"start":{"line":8,"column":20},"end":{"line":15,"column":22}},"3":{"start":{"line":20,"column":20},"end":{"line":27,"column":22}},"4":{"start":{"line":34,"column":56},"end":{"line":34,"column":63}}},"fnMap":{"0":{"name":"(anonymous_0)","decl":{"start":{"line":4,"column":4},"end":{"line":4,"column":5}},"loc":{"start":{"line":4,"column":23},"end":{"line":31,"column":5}},"line":4},"1":{"name":"(anonymous_1)","decl":{"start":{"line":7,"column":23},"end":{"line":7,"column":24}},"loc":{"start":{"line":7,"column":48},"end":{"line":16,"column":17}},"line":7},"2":{"name":"(anonymous_2)","decl":{"start":{"line":19,"column":23},"end":{"line":19,"column":24}},"loc":{"start":{"line":19,"column":48},"end":{"line":28,"column":17}},"line":19}},"branchMap":{},"s":{"0":0,"1":0,"2":0,"3":0,"4":0},"f":{"0":0,"1":0,"2":0},"b":{}}
,"D:\\Gloversure\\React\\react-native-tutorial-apps\\tracks\\src\\store\\apis\\trackApi.tsx": {"path":"D:\\Gloversure\\React\\react-native-tutorial-apps\\tracks\\src\\store\\apis\\trackApi.tsx","statementMap":{"0":{"start":{"line":3,"column":17},"end":{"line":30,"column":2}},"1":{"start":{"line":5,"column":8},"end":{"line":28,"column":10}},"2":{"start":{"line":9,"column":20},"end":{"line":12,"column":22}},"3":{"start":{"line":18,"column":20},"end":{"line":25,"column":22}},"4":{"start":{"line":32,"column":63},"end":{"line":32,"column":71}}},"fnMap":{"0":{"name":"(anonymous_0)","decl":{"start":{"line":4,"column":4},"end":{"line":4,"column":5}},"loc":{"start":{"line":4,"column":23},"end":{"line":29,"column":5}},"line":4},"1":{"name":"(anonymous_1)","decl":{"start":{"line":8,"column":23},"end":{"line":8,"column":24}},"loc":{"start":{"line":8,"column":29},"end":{"line":13,"column":17}},"line":8},"2":{"name":"(anonymous_2)","decl":{"start":{"line":17,"column":23},"end":{"line":17,"column":24}},"loc":{"start":{"line":17,"column":48},"end":{"line":26,"column":17}},"line":17}},"branchMap":{},"s":{"0":0,"1":0,"2":0,"3":0,"4":0},"f":{"0":0,"1":0,"2":0},"b":{}}
,"D:\\Gloversure\\React\\react-native-tutorial-apps\\tracks\\src\\store\\slices\\authSlice.tsx": {"path":"D:\\Gloversure\\React\\react-native-tutorial-apps\\tracks\\src\\store\\slices\\authSlice.tsx","statementMap":{"0":{"start":{"line":5,"column":30},"end":{"line":8,"column":2}},"1":{"start":{"line":6,"column":18},"end":{"line":6,"column":57}},"2":{"start":{"line":7,"column":4},"end":{"line":7,"column":17}},"3":{"start":{"line":10,"column":23},"end":{"line":13,"column":2}},"4":{"start":{"line":11,"column":4},"end":{"line":11,"column":47}},"5":{"start":{"line":12,"column":4},"end":{"line":12,"column":11}},"6":{"start":{"line":15,"column":19},"end":{"line":19,"column":1}},"7":{"start":{"line":16,"column":4},"end":{"line":18,"column":7}},"8":{"start":{"line":21,"column":18},"end":{"line":73,"column":2}},"9":{"start":{"line":29,"column":12},"end":{"line":29,"column":36}},"10":{"start":{"line":33,"column":8},"end":{"line":36,"column":11}},"11":{"start":{"line":34,"column":12},"end":{"line":34,"column":41}},"12":{"start":{"line":35,"column":12},"end":{"line":35,"column":36}},"13":{"start":{"line":37,"column":8},"end":{"line":40,"column":11}},"14":{"start":{"line":38,"column":12},"end":{"line":38,"column":31}},"15":{"start":{"line":39,"column":12},"end":{"line":39,"column":36}},"16":{"start":{"line":41,"column":8},"end":{"line":48,"column":10}},"17":{"start":{"line":44,"column":16},"end":{"line":44,"column":37}},"18":{"start":{"line":45,"column":16},"end":{"line":45,"column":42}},"19":{"start":{"line":46,"column":16},"end":{"line":46,"column":44}},"20":{"start":{"line":49,"column":8},"end":{"line":56,"column":10}},"21":{"start":{"line":52,"column":16},"end":{"line":52,"column":37}},"22":{"start":{"line":53,"column":16},"end":{"line":53,"column":42}},"23":{"start":{"line":54,"column":16},"end":{"line":54,"column":44}},"24":{"start":{"line":57,"column":8},"end":{"line":63,"column":10}},"25":{"start":{"line":60,"column":16},"end":{"line":60,"column":37}},"26":{"start":{"line":61,"column":16},"end":{"line":61,"column":72}},"27":{"start":{"line":64,"column":8},"end":{"line":71,"column":10}},"28":{"start":{"line":67,"column":16},"end":{"line":67,"column":39}},"29":{"start":{"line":68,"column":16},"end":{"line":68,"column":37}},"30":{"start":{"line":69,"column":16},"end":{"line":69,"column":72}},"31":{"start":{"line":75,"column":37},"end":{"line":75,"column":54}},"32":{"start":{"line":76,"column":27},"end":{"line":76,"column":44}}},"fnMap":{"0":{"name":"(anonymous_0)","decl":{"start":{"line":5,"column":59},"end":{"line":5,"column":60}},"loc":{"start":{"line":5,"column":71},"end":{"line":8,"column":1}},"line":5},"1":{"name":"(anonymous_1)","decl":{"start":{"line":10,"column":51},"end":{"line":10,"column":52}},"loc":{"start":{"line":10,"column":63},"end":{"line":13,"column":1}},"line":10},"2":{"name":"(anonymous_2)","decl":{"start":{"line":15,"column":19},"end":{"line":15,"column":20}},"loc":{"start":{"line":15,"column":36},"end":{"line":19,"column":1}},"line":15},"3":{"name":"(anonymous_3)","decl":{"start":{"line":28,"column":8},"end":{"line":28,"column":9}},"loc":{"start":{"line":28,"column":33},"end":{"line":30,"column":9}},"line":28},"4":{"name":"(anonymous_4)","decl":{"start":{"line":32,"column":19},"end":{"line":32,"column":20}},"loc":{"start":{"line":32,"column":32},"end":{"line":72,"column":5}},"line":32},"5":{"name":"(anonymous_5)","decl":{"start":{"line":33,"column":50},"end":{"line":33,"column":51}},"loc":{"start":{"line":33,"column":69},"end":{"line":36,"column":9}},"line":33},"6":{"name":"(anonymous_6)","decl":{"start":{"line":37,"column":43},"end":{"line":37,"column":44}},"loc":{"start":{"line":37,"column":62},"end":{"line":40,"column":9}},"line":37},"7":{"name":"(anonymous_7)","decl":{"start":{"line":43,"column":12},"end":{"line":43,"column":13}},"loc":{"start":{"line":43,"column":36},"end":{"line":47,"column":13}},"line":43},"8":{"name":"(anonymous_8)","decl":{"start":{"line":51,"column":12},"end":{"line":51,"column":13}},"loc":{"start":{"line":51,"column":36},"end":{"line":55,"column":13}},"line":51},"9":{"name":"(anonymous_9)","decl":{"start":{"line":59,"column":12},"end":{"line":59,"column":13}},"loc":{"start":{"line":59,"column":36},"end":{"line":62,"column":13}},"line":59},"10":{"name":"(anonymous_10)","decl":{"start":{"line":66,"column":12},"end":{"line":66,"column":13}},"loc":{"start":{"line":66,"column":36},"end":{"line":70,"column":13}},"line":66}},"branchMap":{},"s":{"0":0,"1":0,"2":0,"3":0,"4":0,"5":0,"6":0,"7":0,"8":0,"9":0,"10":0,"11":0,"12":0,"13":0,"14":0,"15":0,"16":0,"17":0,"18":0,"19":0,"20":0,"21":0,"22":0,"23":0,"24":0,"25":0,"26":0,"27":0,"28":0,"29":0,"30":0,"31":0,"32":0},"f":{"0":0,"1":0,"2":0,"3":0,"4":0,"5":0,"6":0,"7":0,"8":0,"9":0,"10":0},"b":{}}
,"D:\\Gloversure\\React\\react-native-tutorial-apps\\tracks\\src\\store\\slices\\locationSlice.tsx": {"path":"D:\\Gloversure\\React\\react-native-tutorial-apps\\tracks\\src\\store\\slices\\locationSlice.tsx","statementMap":{"0":{"start":{"line":3,"column":21},"end":{"line":8,"column":1}},"1":{"start":{"line":23,"column":22},"end":{"line":47,"column":2}},"2":{"start":{"line":28,"column":12},"end":{"line":28,"column":40}},"3":{"start":{"line":31,"column":12},"end":{"line":31,"column":35}},"4":{"start":{"line":34,"column":12},"end":{"line":34,"column":36}},"5":{"start":{"line":37,"column":12},"end":{"line":37,"column":51}},"6":{"start":{"line":38,"column":12},"end":{"line":40,"column":13}},"7":{"start":{"line":39,"column":16},"end":{"line":39,"column":71}},"8":{"start":{"line":43,"column":12},"end":{"line":43,"column":28}},"9":{"start":{"line":44,"column":12},"end":{"line":44,"column":33}},"10":{"start":{"line":50,"column":4},"end":{"line":50,"column":25}},"11":{"start":{"line":51,"column":31},"end":{"line":51,"column":52}}},"fnMap":{"0":{"name":"(anonymous_0)","decl":{"start":{"line":27,"column":8},"end":{"line":27,"column":9}},"loc":{"start":{"line":27,"column":57},"end":{"line":29,"column":9}},"line":27},"1":{"name":"(anonymous_1)","decl":{"start":{"line":30,"column":8},"end":{"line":30,"column":9}},"loc":{"start":{"line":30,"column":30},"end":{"line":32,"column":9}},"line":30},"2":{"name":"(anonymous_2)","decl":{"start":{"line":33,"column":8},"end":{"line":33,"column":9}},"loc":{"start":{"line":33,"column":29},"end":{"line":35,"column":9}},"line":33},"3":{"name":"(anonymous_3)","decl":{"start":{"line":36,"column":8},"end":{"line":36,"column":9}},"loc":{"start":{"line":36,"column":60},"end":{"line":41,"column":9}},"line":36},"4":{"name":"(anonymous_4)","decl":{"start":{"line":42,"column":8},"end":{"line":42,"column":9}},"loc":{"start":{"line":42,"column":21},"end":{"line":45,"column":9}},"line":42}},"branchMap":{"0":{"loc":{"start":{"line":38,"column":12},"end":{"line":40,"column":13}},"type":"if","locations":[{"start":{"line":38,"column":12},"end":{"line":40,"column":13}},{"start":{},"end":{}}],"line":38}},"s":{"0":0,"1":0,"2":0,"3":0,"4":0,"5":0,"6":0,"7":0,"8":0,"9":0,"10":0,"11":0},"f":{"0":0,"1":0,"2":0,"3":0,"4":0},"b":{"0":[0,0]}}
,"D:\\Gloversure\\React\\react-native-tutorial-apps\\tracks\\src\\store\\slices\\networkSlice.tsx": {"path":"D:\\Gloversure\\React\\react-native-tutorial-apps\\tracks\\src\\store\\slices\\networkSlice.tsx","statementMap":{"0":{"start":{"line":6,"column":21},"end":{"line":25,"column":2}},"1":{"start":{"line":18,"column":12},"end":{"line":19,"column":65}},"2":{"start":{"line":27,"column":34},"end":{"line":27,"column":54}},"3":{"start":{"line":28,"column":30},"end":{"line":28,"column":50}}},"fnMap":{"0":{"name":"(anonymous_0)","decl":{"start":{"line":14,"column":8},"end":{"line":14,"column":9}},"loc":{"start":{"line":17,"column":10},"end":{"line":23,"column":9}},"line":17}},"branchMap":{},"s":{"0":0,"1":0,"2":0,"3":0},"f":{"0":0},"b":{}}
}
